{"E:\\WorkStation\\ubuild\\src\\index.ts": {"path":"E:\\WorkStation\\ubuild\\src\\index.ts","statementMap":{"0":{"start":{"line":17,"column":0},"end":{"line":17,"column":9}},"1":{"start":{"line":31,"column":2},"end":{"line":17,"column":46}},"2":{"start":{"line":18,"column":0},"end":{"line":18,"column":9}},"3":{"start":{"line":33,"column":2},"end":{"line":18,"column":50}},"4":{"start":{"line":19,"column":0},"end":{"line":19,"column":9}},"5":{"start":{"line":35,"column":2},"end":{"line":19,"column":48}},"6":{"start":{"line":20,"column":0},"end":{"line":20,"column":9}},"7":{"start":{"line":37,"column":2},"end":{"line":20,"column":54}},"8":{"start":{"line":21,"column":0},"end":{"line":21,"column":9}},"9":{"start":{"line":39,"column":2},"end":{"line":21,"column":46}},"10":{"start":{"line":22,"column":0},"end":{"line":22,"column":9}},"11":{"start":{"line":41,"column":2},"end":{"line":22,"column":44}},"12":{"start":{"line":23,"column":0},"end":{"line":23,"column":9}},"13":{"start":{"line":43,"column":2},"end":{"line":23,"column":50}},"14":{"start":{"line":24,"column":0},"end":{"line":24,"column":9}},"15":{"start":{"line":45,"column":2},"end":{"line":24,"column":29}},"16":{"start":{"line":47,"column":2},"end":{"line":24,"column":80}},"17":{"start":{"line":25,"column":0},"end":{"line":25,"column":9}},"18":{"start":{"line":49,"column":2},"end":{"line":25,"column":48}},"19":{"start":{"line":26,"column":0},"end":{"line":26,"column":9}},"20":{"start":{"line":51,"column":2},"end":{"line":26,"column":52}}},"fnMap":{"0":{"name":"(anonymous_0)","decl":{"start":{"line":31,"column":2},"end":{"line":31,"column":13}},"loc":{"start":{"line":31,"column":2},"end":{"line":17,"column":46}}},"1":{"name":"(anonymous_1)","decl":{"start":{"line":33,"column":2},"end":{"line":33,"column":15}},"loc":{"start":{"line":33,"column":2},"end":{"line":18,"column":50}}},"2":{"name":"(anonymous_2)","decl":{"start":{"line":35,"column":2},"end":{"line":35,"column":14}},"loc":{"start":{"line":35,"column":2},"end":{"line":19,"column":48}}},"3":{"name":"(anonymous_3)","decl":{"start":{"line":37,"column":2},"end":{"line":37,"column":17}},"loc":{"start":{"line":37,"column":2},"end":{"line":20,"column":54}}},"4":{"name":"(anonymous_4)","decl":{"start":{"line":39,"column":2},"end":{"line":39,"column":13}},"loc":{"start":{"line":39,"column":2},"end":{"line":21,"column":46}}},"5":{"name":"(anonymous_5)","decl":{"start":{"line":41,"column":2},"end":{"line":41,"column":12}},"loc":{"start":{"line":41,"column":2},"end":{"line":22,"column":44}}},"6":{"name":"(anonymous_6)","decl":{"start":{"line":43,"column":2},"end":{"line":43,"column":15}},"loc":{"start":{"line":43,"column":2},"end":{"line":23,"column":50}}},"7":{"name":"(anonymous_7)","decl":{"start":{"line":45,"column":2},"end":{"line":45,"column":20}},"loc":{"start":{"line":45,"column":2},"end":{"line":24,"column":29}}},"8":{"name":"(anonymous_8)","decl":{"start":{"line":47,"column":2},"end":{"line":47,"column":20}},"loc":{"start":{"line":47,"column":2},"end":{"line":24,"column":80}}},"9":{"name":"(anonymous_9)","decl":{"start":{"line":49,"column":2},"end":{"line":49,"column":14}},"loc":{"start":{"line":49,"column":2},"end":{"line":25,"column":48}}},"10":{"name":"(anonymous_10)","decl":{"start":{"line":51,"column":2},"end":{"line":51,"column":16}},"loc":{"start":{"line":51,"column":2},"end":{"line":26,"column":52}}}},"branchMap":{},"s":{"0":1,"1":5,"2":1,"3":5,"4":1,"5":5,"6":1,"7":5,"8":1,"9":5,"10":1,"11":5,"12":1,"13":5,"14":1,"15":5,"16":4,"17":1,"18":5,"19":1,"20":5},"f":{"0":4,"1":4,"2":4,"3":4,"4":4,"5":4,"6":4,"7":4,"8":3,"9":4,"10":4},"b":{}}
,"E:\\WorkStation\\ubuild\\src\\cli\\index.ts": {"path":"E:\\WorkStation\\ubuild\\src\\cli\\index.ts","statementMap":{"0":{"start":{"line":23,"column":0},"end":{"line":23,"column":36}},"1":{"start":{"line":24,"column":0},"end":{"line":24,"column":26}},"2":{"start":{"line":25,"column":0},"end":{"line":25,"column":41}},"3":{"start":{"line":26,"column":0},"end":{"line":26,"column":45}},"4":{"start":{"line":27,"column":0},"end":{"line":27,"column":47}},"5":{"start":{"line":28,"column":0},"end":{"line":28,"column":51}},"6":{"start":{"line":29,"column":0},"end":{"line":29,"column":49}},"7":{"start":{"line":30,"column":0},"end":{"line":30,"column":55}},"8":{"start":{"line":31,"column":0},"end":{"line":31,"column":47}},"9":{"start":{"line":32,"column":0},"end":{"line":32,"column":45}},"10":{"start":{"line":33,"column":0},"end":{"line":33,"column":51}},"11":{"start":{"line":34,"column":0},"end":{"line":34,"column":61}},"12":{"start":{"line":35,"column":0},"end":{"line":35,"column":49}},"13":{"start":{"line":36,"column":0},"end":{"line":36,"column":53}},"14":{"start":{"line":37,"column":0},"end":{"line":37,"column":58}},"15":{"start":{"line":39,"column":16},"end":{"line":39,"column":29}},"16":{"start":{"line":41,"column":0},"end":{"line":47,"column":5}},"17":{"start":{"line":46,"column":33},"end":{"line":46,"column":54}},"18":{"start":{"line":49,"column":0},"end":{"line":49,"column":21}},"19":{"start":{"line":50,"column":0},"end":{"line":50,"column":23}},"20":{"start":{"line":51,"column":0},"end":{"line":51,"column":22}},"21":{"start":{"line":52,"column":0},"end":{"line":52,"column":25}},"22":{"start":{"line":53,"column":0},"end":{"line":53,"column":21}},"23":{"start":{"line":54,"column":0},"end":{"line":54,"column":20}},"24":{"start":{"line":55,"column":0},"end":{"line":55,"column":23}},"25":{"start":{"line":56,"column":0},"end":{"line":56,"column":28}},"26":{"start":{"line":57,"column":0},"end":{"line":57,"column":22}},"27":{"start":{"line":58,"column":0},"end":{"line":58,"column":24}},"28":{"start":{"line":60,"column":0},"end":{"line":63,"column":3}},"29":{"start":{"line":62,"column":27},"end":{"line":62,"column":37}},"30":{"start":{"line":66,"column":2},"end":{"line":71,"column":3}},"31":{"start":{"line":67,"column":4},"end":{"line":67,"column":43}},"32":{"start":{"line":69,"column":4},"end":{"line":69,"column":49}},"33":{"start":{"line":70,"column":4},"end":{"line":70,"column":20}},"34":{"start":{"line":74,"column":0},"end":{"line":74,"column":7}}},"fnMap":{"0":{"name":"(anonymous_1)","decl":{"start":{"line":46,"column":17},"end":{"line":46,"column":18}},"loc":{"start":{"line":46,"column":33},"end":{"line":46,"column":54}}},"1":{"name":"(anonymous_2)","decl":{"start":{"line":62,"column":18},"end":{"line":62,"column":19}},"loc":{"start":{"line":62,"column":27},"end":{"line":62,"column":37}}},"2":{"name":"main","decl":{"start":{"line":65,"column":15},"end":{"line":65,"column":19}},"loc":{"start":{"line":65,"column":19},"end":{"line":72,"column":1}}}},"branchMap":{},"s":{"0":5,"1":5,"2":5,"3":5,"4":5,"5":5,"6":5,"7":5,"8":5,"9":5,"10":5,"11":5,"12":5,"13":5,"14":5,"15":5,"16":5,"17":1,"18":5,"19":5,"20":5,"21":5,"22":5,"23":5,"24":5,"25":5,"26":5,"27":5,"28":5,"29":1,"30":5,"31":5,"32":2,"33":2,"34":5},"f":{"0":1,"1":1,"2":5},"b":{}}
,"E:\\WorkStation\\ubuild\\src\\commands\\build.ts": {"path":"E:\\WorkStation\\ubuild\\src\\commands\\build.ts","statementMap":{"0":{"start":{"line":39,"column":0},"end":{"line":39,"column":16}},"1":{"start":{"line":11,"column":0},"end":{"line":11,"column":52}},"2":{"start":{"line":12,"column":0},"end":{"line":12,"column":57}},"3":{"start":{"line":19,"column":0},"end":{"line":19,"column":9}},"4":{"start":{"line":19,"column":9},"end":{"line":19,"column":57}},"5":{"start":{"line":26,"column":0},"end":{"line":26,"column":9}},"6":{"start":{"line":26,"column":9},"end":{"line":26,"column":55}},"7":{"start":{"line":40,"column":2},"end":{"line":67,"column":7}},"8":{"start":{"line":61,"column":6},"end":{"line":66,"column":7}},"9":{"start":{"line":62,"column":24},"end":{"line":62,"column":44}},"10":{"start":{"line":63,"column":8},"end":{"line":63,"column":37}},"11":{"start":{"line":65,"column":8},"end":{"line":65,"column":34}}},"fnMap":{"0":{"name":"(anonymous_0)","decl":{"start":{"line":19,"column":9},"end":{"line":19,"column":23}},"loc":{"start":{"line":19,"column":9},"end":{"line":19,"column":57}}},"1":{"name":"(anonymous_1)","decl":{"start":{"line":26,"column":9},"end":{"line":26,"column":21}},"loc":{"start":{"line":26,"column":9},"end":{"line":26,"column":55}}},"2":{"name":"buildCommand","decl":{"start":{"line":39,"column":16},"end":{"line":39,"column":28}},"loc":{"start":{"line":39,"column":45},"end":{"line":68,"column":1}}},"3":{"name":"(anonymous_3)","decl":{"start":{"line":60,"column":12},"end":{"line":60,"column":17}},"loc":{"start":{"line":60,"column":30},"end":{"line":67,"column":5}}}},"branchMap":{},"s":{"0":1,"1":1,"2":1,"3":1,"4":4,"5":1,"6":14,"7":4,"8":2,"9":2,"10":2,"11":2},"f":{"0":3,"1":13,"2":4,"3":2},"b":{}}
,"E:\\WorkStation\\ubuild\\src\\commands\\clean.ts": {"path":"E:\\WorkStation\\ubuild\\src\\commands\\clean.ts","statementMap":{"0":{"start":{"line":41,"column":0},"end":{"line":41,"column":7}},"1":{"start":{"line":65,"column":0},"end":{"line":65,"column":16}},"2":{"start":{"line":13,"column":0},"end":{"line":13,"column":55}},"3":{"start":{"line":14,"column":0},"end":{"line":14,"column":41}},"4":{"start":{"line":15,"column":0},"end":{"line":15,"column":52}},"5":{"start":{"line":42,"column":37},"end":{"line":50,"column":4}},"6":{"start":{"line":52,"column":19},"end":{"line":56,"column":4}},"7":{"start":{"line":58,"column":2},"end":{"line":58,"column":40}},"8":{"start":{"line":66,"column":2},"end":{"line":104,"column":7}},"9":{"start":{"line":75,"column":21},"end":{"line":75,"column":59}},"10":{"start":{"line":77,"column":6},"end":{"line":103,"column":7}},"11":{"start":{"line":78,"column":8},"end":{"line":78,"column":38}},"12":{"start":{"line":80,"column":23},"end":{"line":86,"column":10}},"13":{"start":{"line":88,"column":8},"end":{"line":94,"column":9}},"14":{"start":{"line":90,"column":12},"end":{"line":92,"column":47}},"15":{"start":{"line":91,"column":85},"end":{"line":91,"column":91}},"16":{"start":{"line":93,"column":10},"end":{"line":93,"column":34}},"17":{"start":{"line":96,"column":8},"end":{"line":100,"column":9}},"18":{"start":{"line":97,"column":10},"end":{"line":97,"column":87}},"19":{"start":{"line":99,"column":10},"end":{"line":99,"column":59}},"20":{"start":{"line":102,"column":8},"end":{"line":102,"column":50}}},"fnMap":{"0":{"name":"executeClean","decl":{"start":{"line":41,"column":22},"end":{"line":41,"column":34}},"loc":{"start":{"line":41,"column":63},"end":{"line":59,"column":1}}},"1":{"name":"cleanCommand","decl":{"start":{"line":65,"column":16},"end":{"line":65,"column":28}},"loc":{"start":{"line":65,"column":45},"end":{"line":105,"column":1}}},"2":{"name":"(anonymous_2)","decl":{"start":{"line":74,"column":12},"end":{"line":74,"column":17}},"loc":{"start":{"line":74,"column":30},"end":{"line":104,"column":5}}},"3":{"name":"(anonymous_3)","decl":{"start":{"line":91,"column":78},"end":{"line":91,"column":79}},"loc":{"start":{"line":91,"column":85},"end":{"line":91,"column":91}}}},"branchMap":{"0":{"loc":{"start":{"line":88,"column":8},"end":{"line":94,"column":9}},"type":"if","locations":[{"start":{"line":88,"column":8},"end":{"line":94,"column":9}},{"start":{},"end":{}}]},"1":{"loc":{"start":{"line":90,"column":12},"end":{"line":92,"column":47}},"type":"cond-expr","locations":[{"start":{"line":91,"column":16},"end":{"line":91,"column":106}},{"start":{"line":92,"column":16},"end":{"line":92,"column":47}}]},"2":{"loc":{"start":{"line":91,"column":19},"end":{"line":91,"column":50}},"type":"binary-expr","locations":[{"start":{"line":91,"column":19},"end":{"line":91,"column":31}},{"start":{"line":91,"column":35},"end":{"line":91,"column":50}}]},"3":{"loc":{"start":{"line":92,"column":16},"end":{"line":92,"column":47}},"type":"binary-expr","locations":[{"start":{"line":92,"column":16},"end":{"line":92,"column":28}},{"start":{"line":92,"column":32},"end":{"line":92,"column":47}}]},"4":{"loc":{"start":{"line":96,"column":8},"end":{"line":100,"column":9}},"type":"if","locations":[{"start":{"line":96,"column":8},"end":{"line":100,"column":9}},{"start":{"line":98,"column":15},"end":{"line":100,"column":9}}]}},"s":{"0":1,"1":1,"2":1,"3":1,"4":1,"5":24,"6":24,"7":24,"8":10,"9":8,"10":8,"11":8,"12":8,"13":6,"14":4,"15":3,"16":4,"17":2,"18":1,"19":1,"20":6},"f":{"0":24,"1":10,"2":8,"3":3},"b":{"0":[4,2],"1":[2,2],"2":[2,0],"3":[2,1],"4":[1,1]}}
,"E:\\WorkStation\\ubuild\\src\\commands\\engine.ts": {"path":"E:\\WorkStation\\ubuild\\src\\commands\\engine.ts","statementMap":{"0":{"start":{"line":46,"column":0},"end":{"line":46,"column":7}},"1":{"start":{"line":173,"column":0},"end":{"line":173,"column":16}},"2":{"start":{"line":11,"column":0},"end":{"line":11,"column":26}},"3":{"start":{"line":13,"column":0},"end":{"line":13,"column":57}},"4":{"start":{"line":14,"column":0},"end":{"line":14,"column":41}},"5":{"start":{"line":15,"column":0},"end":{"line":15,"column":59}},"6":{"start":{"line":16,"column":0},"end":{"line":16,"column":52}},"7":{"start":{"line":47,"column":17},"end":{"line":47,"column":67}},"8":{"start":{"line":49,"column":2},"end":{"line":51,"column":3}},"9":{"start":{"line":50,"column":4},"end":{"line":50,"column":39}},"10":{"start":{"line":53,"column":20},"end":{"line":53,"column":52}},"11":{"start":{"line":55,"column":24},"end":{"line":55,"column":81}},"12":{"start":{"line":56,"column":2},"end":{"line":58,"column":3}},"13":{"start":{"line":57,"column":4},"end":{"line":57,"column":45}},"14":{"start":{"line":60,"column":17},"end":{"line":60,"column":64}},"15":{"start":{"line":62,"column":2},"end":{"line":65,"column":3}},"16":{"start":{"line":63,"column":4},"end":{"line":63,"column":24}},"17":{"start":{"line":64,"column":4},"end":{"line":64,"column":11}},"18":{"start":{"line":67,"column":2},"end":{"line":90,"column":3}},"19":{"start":{"line":68,"column":4},"end":{"line":68,"column":48}},"20":{"start":{"line":69,"column":29},"end":{"line":69,"column":75}},"21":{"start":{"line":70,"column":4},"end":{"line":70,"column":71}},"22":{"start":{"line":72,"column":4},"end":{"line":88,"column":5}},"23":{"start":{"line":73,"column":6},"end":{"line":87,"column":9}},"24":{"start":{"line":74,"column":8},"end":{"line":74,"column":49}},"25":{"start":{"line":75,"column":8},"end":{"line":75,"column":49}},"26":{"start":{"line":76,"column":8},"end":{"line":76,"column":66}},"27":{"start":{"line":77,"column":8},"end":{"line":77,"column":68}},"28":{"start":{"line":78,"column":8},"end":{"line":78,"column":76}},"29":{"start":{"line":79,"column":8},"end":{"line":83,"column":9}},"30":{"start":{"line":80,"column":10},"end":{"line":82,"column":12}},"31":{"start":{"line":84,"column":8},"end":{"line":86,"column":9}},"32":{"start":{"line":85,"column":10},"end":{"line":85,"column":65}},"33":{"start":{"line":89,"column":4},"end":{"line":89,"column":23}},"34":{"start":{"line":92,"column":2},"end":{"line":95,"column":3}},"35":{"start":{"line":93,"column":4},"end":{"line":93,"column":31}},"36":{"start":{"line":94,"column":4},"end":{"line":94,"column":34}},"37":{"start":{"line":97,"column":2},"end":{"line":122,"column":3}},"38":{"start":{"line":98,"column":19},"end":{"line":98,"column":32}},"39":{"start":{"line":99,"column":4},"end":{"line":101,"column":6}},"40":{"start":{"line":103,"column":4},"end":{"line":103,"column":38}},"41":{"start":{"line":104,"column":4},"end":{"line":104,"column":43}},"42":{"start":{"line":106,"column":4},"end":{"line":114,"column":5}},"43":{"start":{"line":107,"column":6},"end":{"line":109,"column":8}},"44":{"start":{"line":110,"column":6},"end":{"line":110,"column":60}},"45":{"start":{"line":111,"column":6},"end":{"line":111,"column":61}},"46":{"start":{"line":112,"column":6},"end":{"line":112,"column":65}},"47":{"start":{"line":113,"column":6},"end":{"line":113,"column":89}},"48":{"start":{"line":116,"column":4},"end":{"line":116,"column":62}},"49":{"start":{"line":117,"column":4},"end":{"line":119,"column":5}},"50":{"start":{"line":118,"column":6},"end":{"line":118,"column":59}},"51":{"start":{"line":120,"column":9},"end":{"line":122,"column":3}},"52":{"start":{"line":121,"column":4},"end":{"line":121,"column":51}},"53":{"start":{"line":124,"column":2},"end":{"line":142,"column":3}},"54":{"start":{"line":125,"column":4},"end":{"line":125,"column":50}},"55":{"start":{"line":126,"column":4},"end":{"line":126,"column":58}},"56":{"start":{"line":127,"column":4},"end":{"line":129,"column":5}},"57":{"start":{"line":128,"column":6},"end":{"line":128,"column":60}},"58":{"start":{"line":130,"column":4},"end":{"line":132,"column":5}},"59":{"start":{"line":131,"column":6},"end":{"line":131,"column":60}},"60":{"start":{"line":133,"column":4},"end":{"line":135,"column":5}},"61":{"start":{"line":134,"column":6},"end":{"line":134,"column":66}},"62":{"start":{"line":137,"column":4},"end":{"line":141,"column":5}},"63":{"start":{"line":138,"column":6},"end":{"line":140,"column":8}},"64":{"start":{"line":144,"column":2},"end":{"line":149,"column":3}},"65":{"start":{"line":145,"column":4},"end":{"line":145,"column":32}},"66":{"start":{"line":146,"column":4},"end":{"line":148,"column":7}},"67":{"start":{"line":147,"column":6},"end":{"line":147,"column":37}},"68":{"start":{"line":151,"column":2},"end":{"line":151,"column":21}},"69":{"start":{"line":152,"column":2},"end":{"line":156,"column":3}},"70":{"start":{"line":153,"column":4},"end":{"line":153,"column":64}},"71":{"start":{"line":154,"column":9},"end":{"line":156,"column":3}},"72":{"start":{"line":155,"column":4},"end":{"line":155,"column":51}},"73":{"start":{"line":174,"column":2},"end":{"line":190,"column":7}},"74":{"start":{"line":181,"column":6},"end":{"line":189,"column":7}},"75":{"start":{"line":182,"column":8},"end":{"line":186,"column":11}},"76":{"start":{"line":188,"column":8},"end":{"line":188,"column":59}}},"fnMap":{"0":{"name":"executeEngine","decl":{"start":{"line":46,"column":22},"end":{"line":46,"column":35}},"loc":{"start":{"line":46,"column":65},"end":{"line":157,"column":1}}},"1":{"name":"(anonymous_2)","decl":{"start":{"line":73,"column":31},"end":{"line":73,"column":32}},"loc":{"start":{"line":73,"column":49},"end":{"line":87,"column":7}}},"2":{"name":"(anonymous_3)","decl":{"start":{"line":146,"column":28},"end":{"line":146,"column":29}},"loc":{"start":{"line":146,"column":40},"end":{"line":148,"column":5}}},"3":{"name":"engineCommand","decl":{"start":{"line":173,"column":16},"end":{"line":173,"column":29}},"loc":{"start":{"line":173,"column":46},"end":{"line":191,"column":1}}},"4":{"name":"(anonymous_5)","decl":{"start":{"line":180,"column":12},"end":{"line":180,"column":17}},"loc":{"start":{"line":180,"column":30},"end":{"line":190,"column":5}}}},"branchMap":{"0":{"loc":{"start":{"line":49,"column":2},"end":{"line":51,"column":3}},"type":"if","locations":[{"start":{"line":49,"column":2},"end":{"line":51,"column":3}},{"start":{},"end":{}}]},"1":{"loc":{"start":{"line":53,"column":20},"end":{"line":53,"column":52}},"type":"binary-expr","locations":[{"start":{"line":53,"column":20},"end":{"line":53,"column":35}},{"start":{"line":53,"column":39},"end":{"line":53,"column":52}}]},"2":{"loc":{"start":{"line":56,"column":2},"end":{"line":58,"column":3}},"type":"if","locations":[{"start":{"line":56,"column":2},"end":{"line":58,"column":3}},{"start":{},"end":{}}]},"3":{"loc":{"start":{"line":62,"column":2},"end":{"line":65,"column":3}},"type":"if","locations":[{"start":{"line":62,"column":2},"end":{"line":65,"column":3}},{"start":{},"end":{}}]},"4":{"loc":{"start":{"line":67,"column":2},"end":{"line":90,"column":3}},"type":"if","locations":[{"start":{"line":67,"column":2},"end":{"line":90,"column":3}},{"start":{},"end":{}}]},"5":{"loc":{"start":{"line":72,"column":4},"end":{"line":88,"column":5}},"type":"if","locations":[{"start":{"line":72,"column":4},"end":{"line":88,"column":5}},{"start":{},"end":{}}]},"6":{"loc":{"start":{"line":76,"column":36},"end":{"line":76,"column":62}},"type":"binary-expr","locations":[{"start":{"line":76,"column":36},"end":{"line":76,"column":49}},{"start":{"line":76,"column":53},"end":{"line":76,"column":62}}]},"7":{"loc":{"start":{"line":78,"column":42},"end":{"line":78,"column":72}},"type":"binary-expr","locations":[{"start":{"line":78,"column":42},"end":{"line":78,"column":60}},{"start":{"line":78,"column":64},"end":{"line":78,"column":72}}]},"8":{"loc":{"start":{"line":79,"column":8},"end":{"line":83,"column":9}},"type":"if","locations":[{"start":{"line":79,"column":8},"end":{"line":83,"column":9}},{"start":{},"end":{}}]},"9":{"loc":{"start":{"line":84,"column":8},"end":{"line":86,"column":9}},"type":"if","locations":[{"start":{"line":84,"column":8},"end":{"line":86,"column":9}},{"start":{},"end":{}}]},"10":{"loc":{"start":{"line":92,"column":2},"end":{"line":95,"column":3}},"type":"if","locations":[{"start":{"line":92,"column":2},"end":{"line":95,"column":3}},{"start":{},"end":{}}]},"11":{"loc":{"start":{"line":97,"column":2},"end":{"line":122,"column":3}},"type":"if","locations":[{"start":{"line":97,"column":2},"end":{"line":122,"column":3}},{"start":{"line":120,"column":9},"end":{"line":122,"column":3}}]},"12":{"loc":{"start":{"line":97,"column":6},"end":{"line":97,"column":44}},"type":"binary-expr","locations":[{"start":{"line":97,"column":6},"end":{"line":97,"column":19}},{"start":{"line":97,"column":23},"end":{"line":97,"column":44}}]},"13":{"loc":{"start":{"line":100,"column":46},"end":{"line":100,"column":88}},"type":"binary-expr","locations":[{"start":{"line":100,"column":46},"end":{"line":100,"column":64}},{"start":{"line":100,"column":68},"end":{"line":100,"column":88}}]},"14":{"loc":{"start":{"line":106,"column":4},"end":{"line":114,"column":5}},"type":"if","locations":[{"start":{"line":106,"column":4},"end":{"line":114,"column":5}},{"start":{},"end":{}}]},"15":{"loc":{"start":{"line":113,"column":40},"end":{"line":113,"column":85}},"type":"cond-expr","locations":[{"start":{"line":113,"column":73},"end":{"line":113,"column":78}},{"start":{"line":113,"column":81},"end":{"line":113,"column":85}}]},"16":{"loc":{"start":{"line":117,"column":4},"end":{"line":119,"column":5}},"type":"if","locations":[{"start":{"line":117,"column":4},"end":{"line":119,"column":5}},{"start":{},"end":{}}]},"17":{"loc":{"start":{"line":120,"column":9},"end":{"line":122,"column":3}},"type":"if","locations":[{"start":{"line":120,"column":9},"end":{"line":122,"column":3}},{"start":{},"end":{}}]},"18":{"loc":{"start":{"line":124,"column":2},"end":{"line":142,"column":3}},"type":"if","locations":[{"start":{"line":124,"column":2},"end":{"line":142,"column":3}},{"start":{},"end":{}}]},"19":{"loc":{"start":{"line":127,"column":4},"end":{"line":129,"column":5}},"type":"if","locations":[{"start":{"line":127,"column":4},"end":{"line":129,"column":5}},{"start":{},"end":{}}]},"20":{"loc":{"start":{"line":130,"column":4},"end":{"line":132,"column":5}},"type":"if","locations":[{"start":{"line":130,"column":4},"end":{"line":132,"column":5}},{"start":{},"end":{}}]},"21":{"loc":{"start":{"line":133,"column":4},"end":{"line":135,"column":5}},"type":"if","locations":[{"start":{"line":133,"column":4},"end":{"line":135,"column":5}},{"start":{},"end":{}}]},"22":{"loc":{"start":{"line":137,"column":4},"end":{"line":141,"column":5}},"type":"if","locations":[{"start":{"line":137,"column":4},"end":{"line":141,"column":5}},{"start":{},"end":{}}]},"23":{"loc":{"start":{"line":144,"column":2},"end":{"line":149,"column":3}},"type":"if","locations":[{"start":{"line":144,"column":2},"end":{"line":149,"column":3}},{"start":{},"end":{}}]},"24":{"loc":{"start":{"line":152,"column":2},"end":{"line":156,"column":3}},"type":"if","locations":[{"start":{"line":152,"column":2},"end":{"line":156,"column":3}},{"start":{"line":154,"column":9},"end":{"line":156,"column":3}}]},"25":{"loc":{"start":{"line":152,"column":6},"end":{"line":152,"column":44}},"type":"binary-expr","locations":[{"start":{"line":152,"column":6},"end":{"line":152,"column":19}},{"start":{"line":152,"column":23},"end":{"line":152,"column":44}}]},"26":{"loc":{"start":{"line":154,"column":9},"end":{"line":156,"column":3}},"type":"if","locations":[{"start":{"line":154,"column":9},"end":{"line":156,"column":3}},{"start":{},"end":{}}]}},"s":{"0":1,"1":1,"2":1,"3":1,"4":1,"5":1,"6":1,"7":28,"8":28,"9":25,"10":28,"11":28,"12":25,"13":21,"14":25,"15":25,"16":3,"17":3,"18":22,"19":4,"20":4,"21":4,"22":4,"23":2,"24":3,"25":3,"26":3,"27":3,"28":3,"29":3,"30":2,"31":3,"32":2,"33":4,"34":22,"35":1,"36":1,"37":21,"38":17,"39":17,"40":17,"41":17,"42":17,"43":16,"44":16,"45":16,"46":16,"47":16,"48":17,"49":17,"50":13,"51":4,"52":2,"53":21,"54":18,"55":18,"56":18,"57":17,"58":18,"59":17,"60":18,"61":17,"62":18,"63":1,"64":21,"65":2,"66":2,"67":3,"68":21,"69":21,"70":17,"71":4,"72":2,"73":8,"74":5,"75":5,"76":2},"f":{"0":28,"1":3,"2":3,"3":8,"4":5},"b":{"0":[25,3],"1":[28,24],"2":[21,4],"3":[3,22],"4":[4,18],"5":[2,2],"6":[3,1],"7":[3,1],"8":[2,1],"9":[2,1],"10":[1,21],"11":[17,4],"12":[21,19],"13":[17,1],"14":[16,1],"15":[15,1],"16":[13,4],"17":[2,2],"18":[18,3],"19":[17,1],"20":[17,1],"21":[17,1],"22":[1,17],"23":[2,19],"24":[17,4],"25":[21,19],"26":[2,2]}}
,"E:\\WorkStation\\ubuild\\src\\commands\\gencodebase.ts": {"path":"E:\\WorkStation\\ubuild\\src\\commands\\gencodebase.ts","statementMap":{"0":{"start":{"line":60,"column":0},"end":{"line":60,"column":7}},"1":{"start":{"line":95,"column":0},"end":{"line":95,"column":16}},"2":{"start":{"line":11,"column":0},"end":{"line":11,"column":26}},"3":{"start":{"line":12,"column":0},"end":{"line":12,"column":78}},"4":{"start":{"line":14,"column":0},"end":{"line":14,"column":41}},"5":{"start":{"line":15,"column":0},"end":{"line":15,"column":52}},"6":{"start":{"line":62,"column":2},"end":{"line":66,"column":3}},"7":{"start":{"line":63,"column":4},"end":{"line":63,"column":26}},"8":{"start":{"line":65,"column":4},"end":{"line":65,"column":55}},"9":{"start":{"line":68,"column":30},"end":{"line":68,"column":78}},"10":{"start":{"line":70,"column":2},"end":{"line":73,"column":3}},"11":{"start":{"line":71,"column":4},"end":{"line":71,"column":62}},"12":{"start":{"line":72,"column":4},"end":{"line":72,"column":31}},"13":{"start":{"line":75,"column":2},"end":{"line":75,"column":83}},"14":{"start":{"line":76,"column":2},"end":{"line":76,"column":67}},"15":{"start":{"line":78,"column":2},"end":{"line":78,"column":29}},"16":{"start":{"line":96,"column":2},"end":{"line":125,"column":7}},"17":{"start":{"line":120,"column":6},"end":{"line":124,"column":7}},"18":{"start":{"line":121,"column":8},"end":{"line":121,"column":42}},"19":{"start":{"line":123,"column":8},"end":{"line":123,"column":73}}},"fnMap":{"0":{"name":"executeGencodebase","decl":{"start":{"line":60,"column":22},"end":{"line":60,"column":40}},"loc":{"start":{"line":60,"column":75},"end":{"line":79,"column":1}}},"1":{"name":"gencodebaseCommand","decl":{"start":{"line":95,"column":16},"end":{"line":95,"column":34}},"loc":{"start":{"line":95,"column":51},"end":{"line":126,"column":1}}},"2":{"name":"(anonymous_3)","decl":{"start":{"line":119,"column":12},"end":{"line":119,"column":17}},"loc":{"start":{"line":119,"column":57},"end":{"line":125,"column":5}}}},"branchMap":{"0":{"loc":{"start":{"line":62,"column":2},"end":{"line":66,"column":3}},"type":"if","locations":[{"start":{"line":62,"column":2},"end":{"line":66,"column":3}},{"start":{"line":64,"column":9},"end":{"line":66,"column":3}}]},"1":{"loc":{"start":{"line":70,"column":2},"end":{"line":73,"column":3}},"type":"if","locations":[{"start":{"line":70,"column":2},"end":{"line":73,"column":3}},{"start":{},"end":{}}]}},"s":{"0":1,"1":1,"2":1,"3":1,"4":1,"5":1,"6":18,"7":1,"8":17,"9":18,"10":13,"11":1,"12":1,"13":12,"14":12,"15":12,"16":16,"17":16,"18":16,"19":4},"f":{"0":18,"1":16,"2":16},"b":{"0":[1,17],"1":[1,12]}}
,"E:\\WorkStation\\ubuild\\src\\commands\\generate.ts": {"path":"E:\\WorkStation\\ubuild\\src\\commands\\generate.ts","statementMap":{"0":{"start":{"line":43,"column":0},"end":{"line":43,"column":7}},"1":{"start":{"line":102,"column":0},"end":{"line":102,"column":16}},"2":{"start":{"line":11,"column":0},"end":{"line":11,"column":26}},"3":{"start":{"line":13,"column":0},"end":{"line":13,"column":61}},"4":{"start":{"line":14,"column":0},"end":{"line":14,"column":41}},"5":{"start":{"line":15,"column":0},"end":{"line":15,"column":47}},"6":{"start":{"line":16,"column":0},"end":{"line":16,"column":52}},"7":{"start":{"line":17,"column":0},"end":{"line":17,"column":46}},"8":{"start":{"line":44,"column":17},"end":{"line":44,"column":67}},"9":{"start":{"line":46,"column":2},"end":{"line":46,"column":41}},"10":{"start":{"line":48,"column":2},"end":{"line":51,"column":3}},"11":{"start":{"line":49,"column":4},"end":{"line":49,"column":30}},"12":{"start":{"line":50,"column":4},"end":{"line":50,"column":11}},"13":{"start":{"line":53,"column":14},"end":{"line":53,"column":41}},"14":{"start":{"line":55,"column":2},"end":{"line":59,"column":3}},"15":{"start":{"line":56,"column":4},"end":{"line":56,"column":45}},"16":{"start":{"line":57,"column":4},"end":{"line":57,"column":30}},"17":{"start":{"line":58,"column":4},"end":{"line":58,"column":48}},"18":{"start":{"line":61,"column":2},"end":{"line":61,"column":66}},"19":{"start":{"line":62,"column":2},"end":{"line":62,"column":19}},"20":{"start":{"line":64,"column":17},"end":{"line":69,"column":4}},"21":{"start":{"line":71,"column":2},"end":{"line":71,"column":19}},"22":{"start":{"line":73,"column":2},"end":{"line":76,"column":3}},"23":{"start":{"line":74,"column":4},"end":{"line":74,"column":70}},"24":{"start":{"line":75,"column":4},"end":{"line":75,"column":72}},"25":{"start":{"line":78,"column":2},"end":{"line":78,"column":57}},"26":{"start":{"line":80,"column":2},"end":{"line":85,"column":3}},"27":{"start":{"line":81,"column":4},"end":{"line":81,"column":39}},"28":{"start":{"line":82,"column":4},"end":{"line":84,"column":7}},"29":{"start":{"line":83,"column":6},"end":{"line":83,"column":36}},"30":{"start":{"line":87,"column":2},"end":{"line":95,"column":3}},"31":{"start":{"line":88,"column":4},"end":{"line":88,"column":23}},"32":{"start":{"line":89,"column":4},"end":{"line":89,"column":91}},"33":{"start":{"line":90,"column":9},"end":{"line":95,"column":3}},"34":{"start":{"line":91,"column":4},"end":{"line":91,"column":23}},"35":{"start":{"line":92,"column":4},"end":{"line":94,"column":6}},"36":{"start":{"line":103,"column":2},"end":{"line":124,"column":7}},"37":{"start":{"line":113,"column":6},"end":{"line":123,"column":7}},"38":{"start":{"line":114,"column":8},"end":{"line":120,"column":11}},"39":{"start":{"line":122,"column":8},"end":{"line":122,"column":55}},"40":{"start":{"line":132,"column":2},"end":{"line":132,"column":41}},"41":{"start":{"line":134,"column":15},"end":{"line":148,"column":4}},"42":{"start":{"line":150,"column":2},"end":{"line":154,"column":5}},"43":{"start":{"line":151,"column":4},"end":{"line":151,"column":68}},"44":{"start":{"line":152,"column":4},"end":{"line":152,"column":65}},"45":{"start":{"line":153,"column":4},"end":{"line":153,"column":23}},"46":{"start":{"line":156,"column":2},"end":{"line":156,"column":54}}},"fnMap":{"0":{"name":"executeGenerate","decl":{"start":{"line":43,"column":22},"end":{"line":43,"column":37}},"loc":{"start":{"line":43,"column":69},"end":{"line":96,"column":1}}},"1":{"name":"(anonymous_2)","decl":{"start":{"line":82,"column":34},"end":{"line":82,"column":35}},"loc":{"start":{"line":82,"column":43},"end":{"line":84,"column":5}}},"2":{"name":"generateCommand","decl":{"start":{"line":102,"column":16},"end":{"line":102,"column":31}},"loc":{"start":{"line":102,"column":48},"end":{"line":125,"column":1}}},"3":{"name":"(anonymous_4)","decl":{"start":{"line":112,"column":12},"end":{"line":112,"column":17}},"loc":{"start":{"line":112,"column":30},"end":{"line":124,"column":5}}},"4":{"name":"listAvailableIDEs","decl":{"start":{"line":131,"column":9},"end":{"line":131,"column":26}},"loc":{"start":{"line":131,"column":41},"end":{"line":157,"column":1}}},"5":{"name":"(anonymous_6)","decl":{"start":{"line":150,"column":15},"end":{"line":150,"column":16}},"loc":{"start":{"line":150,"column":23},"end":{"line":154,"column":3}}}},"branchMap":{"0":{"loc":{"start":{"line":48,"column":2},"end":{"line":51,"column":3}},"type":"if","locations":[{"start":{"line":48,"column":2},"end":{"line":51,"column":3}},{"start":{},"end":{}}]},"1":{"loc":{"start":{"line":53,"column":14},"end":{"line":53,"column":41}},"type":"binary-expr","locations":[{"start":{"line":53,"column":14},"end":{"line":53,"column":25}},{"start":{"line":53,"column":29},"end":{"line":53,"column":41}}]},"2":{"loc":{"start":{"line":55,"column":2},"end":{"line":59,"column":3}},"type":"if","locations":[{"start":{"line":55,"column":2},"end":{"line":59,"column":3}},{"start":{},"end":{}}]},"3":{"loc":{"start":{"line":73,"column":2},"end":{"line":76,"column":3}},"type":"if","locations":[{"start":{"line":73,"column":2},"end":{"line":76,"column":3}},{"start":{},"end":{}}]},"4":{"loc":{"start":{"line":75,"column":20},"end":{"line":75,"column":70}},"type":"binary-expr","locations":[{"start":{"line":75,"column":20},"end":{"line":75,"column":32}},{"start":{"line":75,"column":36},"end":{"line":75,"column":70}}]},"5":{"loc":{"start":{"line":80,"column":2},"end":{"line":85,"column":3}},"type":"if","locations":[{"start":{"line":80,"column":2},"end":{"line":85,"column":3}},{"start":{},"end":{}}]},"6":{"loc":{"start":{"line":87,"column":2},"end":{"line":95,"column":3}},"type":"if","locations":[{"start":{"line":87,"column":2},"end":{"line":95,"column":3}},{"start":{"line":90,"column":9},"end":{"line":95,"column":3}}]},"7":{"loc":{"start":{"line":87,"column":6},"end":{"line":87,"column":39}},"type":"binary-expr","locations":[{"start":{"line":87,"column":6},"end":{"line":87,"column":19}},{"start":{"line":87,"column":23},"end":{"line":87,"column":39}}]},"8":{"loc":{"start":{"line":90,"column":9},"end":{"line":95,"column":3}},"type":"if","locations":[{"start":{"line":90,"column":9},"end":{"line":95,"column":3}},{"start":{},"end":{}}]}},"s":{"0":1,"1":1,"2":1,"3":1,"4":1,"5":1,"6":1,"7":1,"8":29,"9":29,"10":29,"11":2,"12":2,"13":27,"14":27,"15":1,"16":1,"17":1,"18":26,"19":26,"20":26,"21":24,"22":24,"23":2,"24":2,"25":22,"26":22,"27":21,"28":21,"29":42,"30":22,"31":13,"32":13,"33":9,"34":4,"35":4,"36":5,"37":2,"38":2,"39":1,"40":3,"41":3,"42":3,"43":15,"44":15,"45":15,"46":3},"f":{"0":29,"1":42,"2":5,"3":2,"4":3,"5":15},"b":{"0":[2,27],"1":[27,1],"2":[1,26],"3":[2,22],"4":[2,1],"5":[21,1],"6":[13,9],"7":[22,12],"8":[4,5]}}
,"E:\\WorkStation\\ubuild\\src\\commands\\init.ts": {"path":"E:\\WorkStation\\ubuild\\src\\commands\\init.ts","statementMap":{"0":{"start":{"line":43,"column":0},"end":{"line":43,"column":7}},"1":{"start":{"line":145,"column":0},"end":{"line":145,"column":16}},"2":{"start":{"line":12,"column":0},"end":{"line":12,"column":26}},"3":{"start":{"line":13,"column":0},"end":{"line":13,"column":24}},"4":{"start":{"line":15,"column":0},"end":{"line":15,"column":65}},"5":{"start":{"line":17,"column":0},"end":{"line":17,"column":41}},"6":{"start":{"line":18,"column":0},"end":{"line":18,"column":47}},"7":{"start":{"line":19,"column":0},"end":{"line":19,"column":65}},"8":{"start":{"line":20,"column":0},"end":{"line":20,"column":46}},"9":{"start":{"line":44,"column":17},"end":{"line":44,"column":67}},"10":{"start":{"line":45,"column":22},"end":{"line":45,"column":59}},"11":{"start":{"line":47,"column":2},"end":{"line":47,"column":51}},"12":{"start":{"line":49,"column":2},"end":{"line":58,"column":3}},"13":{"start":{"line":50,"column":4},"end":{"line":50,"column":38}},"14":{"start":{"line":51,"column":4},"end":{"line":57,"column":6}},"15":{"start":{"line":60,"column":2},"end":{"line":64,"column":3}},"16":{"start":{"line":61,"column":4},"end":{"line":61,"column":58}},"17":{"start":{"line":62,"column":4},"end":{"line":62,"column":70}},"18":{"start":{"line":63,"column":4},"end":{"line":63,"column":44}},"19":{"start":{"line":66,"column":2},"end":{"line":70,"column":3}},"20":{"start":{"line":67,"column":4},"end":{"line":67,"column":57}},"21":{"start":{"line":68,"column":4},"end":{"line":68,"column":54}},"22":{"start":{"line":69,"column":4},"end":{"line":69,"column":44}},"23":{"start":{"line":72,"column":2},"end":{"line":72,"column":98}},"24":{"start":{"line":73,"column":2},"end":{"line":73,"column":19}},"25":{"start":{"line":75,"column":17},"end":{"line":82,"column":4}},"26":{"start":{"line":84,"column":2},"end":{"line":84,"column":19}},"27":{"start":{"line":86,"column":2},"end":{"line":136,"column":3}},"28":{"start":{"line":87,"column":4},"end":{"line":87,"column":84}},"29":{"start":{"line":89,"column":4},"end":{"line":89,"column":41}},"30":{"start":{"line":90,"column":4},"end":{"line":90,"column":47}},"31":{"start":{"line":91,"column":4},"end":{"line":91,"column":53}},"32":{"start":{"line":92,"column":4},"end":{"line":92,"column":36}},"33":{"start":{"line":93,"column":4},"end":{"line":93,"column":50}},"34":{"start":{"line":94,"column":4},"end":{"line":94,"column":48}},"35":{"start":{"line":95,"column":4},"end":{"line":95,"column":50}},"36":{"start":{"line":97,"column":4},"end":{"line":112,"column":5}},"37":{"start":{"line":98,"column":6},"end":{"line":98,"column":38}},"38":{"start":{"line":99,"column":6},"end":{"line":99,"column":60}},"39":{"start":{"line":100,"column":6},"end":{"line":100,"column":66}},"40":{"start":{"line":101,"column":6},"end":{"line":101,"column":51}},"41":{"start":{"line":102,"column":6},"end":{"line":102,"column":63}},"42":{"start":{"line":103,"column":6},"end":{"line":103,"column":46}},"43":{"start":{"line":104,"column":6},"end":{"line":104,"column":60}},"44":{"start":{"line":105,"column":6},"end":{"line":105,"column":72}},"45":{"start":{"line":106,"column":6},"end":{"line":106,"column":47}},"46":{"start":{"line":107,"column":6},"end":{"line":107,"column":62}},"47":{"start":{"line":108,"column":6},"end":{"line":108,"column":74}},"48":{"start":{"line":109,"column":6},"end":{"line":109,"column":39}},"49":{"start":{"line":111,"column":6},"end":{"line":111,"column":39}},"50":{"start":{"line":114,"column":4},"end":{"line":114,"column":23}},"51":{"start":{"line":115,"column":4},"end":{"line":115,"column":34}},"52":{"start":{"line":117,"column":4},"end":{"line":128,"column":5}},"53":{"start":{"line":118,"column":6},"end":{"line":120,"column":8}},"54":{"start":{"line":121,"column":6},"end":{"line":123,"column":8}},"55":{"start":{"line":124,"column":6},"end":{"line":124,"column":100}},"56":{"start":{"line":126,"column":6},"end":{"line":126,"column":100}},"57":{"start":{"line":127,"column":6},"end":{"line":127,"column":80}},"58":{"start":{"line":130,"column":4},"end":{"line":130,"column":23}},"59":{"start":{"line":131,"column":4},"end":{"line":131,"column":59}},"60":{"start":{"line":132,"column":4},"end":{"line":132,"column":70}},"61":{"start":{"line":134,"column":4},"end":{"line":134,"column":66}},"62":{"start":{"line":135,"column":4},"end":{"line":135,"column":69}},"63":{"start":{"line":138,"column":2},"end":{"line":138,"column":16}},"64":{"start":{"line":146,"column":2},"end":{"line":166,"column":7}},"65":{"start":{"line":161,"column":6},"end":{"line":165,"column":7}},"66":{"start":{"line":162,"column":8},"end":{"line":162,"column":35}},"67":{"start":{"line":164,"column":8},"end":{"line":164,"column":49}},"68":{"start":{"line":176,"column":2},"end":{"line":176,"column":54}},"69":{"start":{"line":178,"column":2},"end":{"line":178,"column":52}},"70":{"start":{"line":179,"column":2},"end":{"line":179,"column":52}},"71":{"start":{"line":180,"column":2},"end":{"line":180,"column":52}},"72":{"start":{"line":181,"column":2},"end":{"line":181,"column":77}},"73":{"start":{"line":182,"column":2},"end":{"line":182,"column":61}},"74":{"start":{"line":184,"column":2},"end":{"line":212,"column":3}},"75":{"start":{"line":185,"column":4},"end":{"line":185,"column":59}},"76":{"start":{"line":187,"column":4},"end":{"line":211,"column":5}},"77":{"start":{"line":188,"column":33},"end":{"line":188,"column":72}},"78":{"start":{"line":189,"column":22},"end":{"line":189,"column":68}},"79":{"start":{"line":191,"column":6},"end":{"line":207,"column":7}},"80":{"start":{"line":192,"column":8},"end":{"line":192,"column":95}},"81":{"start":{"line":193,"column":13},"end":{"line":207,"column":7}},"82":{"start":{"line":194,"column":8},"end":{"line":194,"column":90}},"83":{"start":{"line":196,"column":8},"end":{"line":198,"column":10}},"84":{"start":{"line":199,"column":8},"end":{"line":206,"column":11}},"85":{"start":{"line":200,"column":26},"end":{"line":202,"column":31}},"86":{"start":{"line":203,"column":10},"end":{"line":205,"column":12}},"87":{"start":{"line":209,"column":6},"end":{"line":209,"column":80}},"88":{"start":{"line":210,"column":6},"end":{"line":210,"column":93}},"89":{"start":{"line":214,"column":2},"end":{"line":214,"column":21}},"90":{"start":{"line":215,"column":2},"end":{"line":215,"column":44}},"91":{"start":{"line":217,"column":20},"end":{"line":217,"column":79}},"92":{"start":{"line":218,"column":2},"end":{"line":218,"column":36}},"93":{"start":{"line":219,"column":2},"end":{"line":219,"column":51}},"94":{"start":{"line":220,"column":2},"end":{"line":220,"column":34}},"95":{"start":{"line":221,"column":2},"end":{"line":221,"column":42}},"96":{"start":{"line":223,"column":2},"end":{"line":234,"column":3}},"97":{"start":{"line":224,"column":4},"end":{"line":224,"column":36}},"98":{"start":{"line":225,"column":4},"end":{"line":225,"column":58}},"99":{"start":{"line":226,"column":4},"end":{"line":226,"column":64}},"100":{"start":{"line":227,"column":4},"end":{"line":227,"column":49}},"101":{"start":{"line":228,"column":4},"end":{"line":228,"column":61}},"102":{"start":{"line":229,"column":4},"end":{"line":229,"column":44}},"103":{"start":{"line":230,"column":4},"end":{"line":230,"column":45}},"104":{"start":{"line":231,"column":4},"end":{"line":231,"column":37}},"105":{"start":{"line":233,"column":4},"end":{"line":233,"column":37}},"106":{"start":{"line":236,"column":2},"end":{"line":236,"column":21}},"107":{"start":{"line":237,"column":2},"end":{"line":237,"column":62}},"108":{"start":{"line":238,"column":2},"end":{"line":238,"column":78}}},"fnMap":{"0":{"name":"executeInit","decl":{"start":{"line":43,"column":22},"end":{"line":43,"column":33}},"loc":{"start":{"line":43,"column":61},"end":{"line":139,"column":1}}},"1":{"name":"initCommand","decl":{"start":{"line":145,"column":16},"end":{"line":145,"column":27}},"loc":{"start":{"line":145,"column":44},"end":{"line":167,"column":1}}},"2":{"name":"(anonymous_12)","decl":{"start":{"line":160,"column":12},"end":{"line":160,"column":17}},"loc":{"start":{"line":160,"column":56},"end":{"line":166,"column":5}}},"3":{"name":"dryRunInit","decl":{"start":{"line":175,"column":15},"end":{"line":175,"column":25}},"loc":{"start":{"line":175,"column":69},"end":{"line":239,"column":1}}},"4":{"name":"(anonymous_14)","decl":{"start":{"line":188,"column":33},"end":{"line":188,"column":46}},"loc":{"start":{"line":188,"column":33},"end":{"line":188,"column":72}}},"5":{"name":"(anonymous_15)","decl":{"start":{"line":199,"column":24},"end":{"line":199,"column":25}},"loc":{"start":{"line":199,"column":38},"end":{"line":206,"column":9}}}},"branchMap":{"0":{"loc":{"start":{"line":45,"column":22},"end":{"line":45,"column":59}},"type":"binary-expr","locations":[{"start":{"line":45,"column":22},"end":{"line":45,"column":34}},{"start":{"line":45,"column":38},"end":{"line":45,"column":59}}]},"1":{"loc":{"start":{"line":49,"column":2},"end":{"line":58,"column":3}},"type":"if","locations":[{"start":{"line":49,"column":2},"end":{"line":58,"column":3}},{"start":{},"end":{}}]},"2":{"loc":{"start":{"line":53,"column":19},"end":{"line":53,"column":78}},"type":"binary-expr","locations":[{"start":{"line":53,"column":19},"end":{"line":53,"column":36}},{"start":{"line":53,"column":40},"end":{"line":53,"column":78}}]},"3":{"loc":{"start":{"line":60,"column":2},"end":{"line":64,"column":3}},"type":"if","locations":[{"start":{"line":60,"column":2},"end":{"line":64,"column":3}},{"start":{},"end":{}}]},"4":{"loc":{"start":{"line":66,"column":2},"end":{"line":70,"column":3}},"type":"if","locations":[{"start":{"line":66,"column":2},"end":{"line":70,"column":3}},{"start":{},"end":{}}]},"5":{"loc":{"start":{"line":86,"column":2},"end":{"line":136,"column":3}},"type":"if","locations":[{"start":{"line":86,"column":2},"end":{"line":136,"column":3}},{"start":{"line":133,"column":9},"end":{"line":136,"column":3}}]},"6":{"loc":{"start":{"line":97,"column":4},"end":{"line":112,"column":5}},"type":"if","locations":[{"start":{"line":97,"column":4},"end":{"line":112,"column":5}},{"start":{"line":110,"column":11},"end":{"line":112,"column":5}}]},"7":{"loc":{"start":{"line":117,"column":4},"end":{"line":128,"column":5}},"type":"if","locations":[{"start":{"line":117,"column":4},"end":{"line":128,"column":5}},{"start":{"line":125,"column":11},"end":{"line":128,"column":5}}]},"8":{"loc":{"start":{"line":135,"column":20},"end":{"line":135,"column":67}},"type":"binary-expr","locations":[{"start":{"line":135,"column":20},"end":{"line":135,"column":32}},{"start":{"line":135,"column":36},"end":{"line":135,"column":67}}]},"9":{"loc":{"start":{"line":181,"column":31},"end":{"line":181,"column":71}},"type":"binary-expr","locations":[{"start":{"line":181,"column":31},"end":{"line":181,"column":48}},{"start":{"line":181,"column":52},"end":{"line":181,"column":71}}]},"10":{"loc":{"start":{"line":182,"column":27},"end":{"line":182,"column":55}},"type":"cond-expr","locations":[{"start":{"line":182,"column":43},"end":{"line":182,"column":48}},{"start":{"line":182,"column":51},"end":{"line":182,"column":55}}]},"11":{"loc":{"start":{"line":184,"column":2},"end":{"line":212,"column":3}},"type":"if","locations":[{"start":{"line":184,"column":2},"end":{"line":212,"column":3}},{"start":{"line":186,"column":9},"end":{"line":212,"column":3}}]},"12":{"loc":{"start":{"line":191,"column":6},"end":{"line":207,"column":7}},"type":"if","locations":[{"start":{"line":191,"column":6},"end":{"line":207,"column":7}},{"start":{"line":193,"column":13},"end":{"line":207,"column":7}}]},"13":{"loc":{"start":{"line":193,"column":13},"end":{"line":207,"column":7}},"type":"if","locations":[{"start":{"line":193,"column":13},"end":{"line":207,"column":7}},{"start":{"line":195,"column":13},"end":{"line":207,"column":7}}]},"14":{"loc":{"start":{"line":194,"column":34},"end":{"line":194,"column":84}},"type":"binary-expr","locations":[{"start":{"line":194,"column":34},"end":{"line":194,"column":56}},{"start":{"line":194,"column":60},"end":{"line":194,"column":84}}]},"15":{"loc":{"start":{"line":200,"column":26},"end":{"line":202,"column":31}},"type":"cond-expr","locations":[{"start":{"line":201,"column":14},"end":{"line":201,"column":111}},{"start":{"line":202,"column":14},"end":{"line":202,"column":31}}]},"16":{"loc":{"start":{"line":204,"column":29},"end":{"line":204,"column":71}},"type":"binary-expr","locations":[{"start":{"line":204,"column":29},"end":{"line":204,"column":47}},{"start":{"line":204,"column":51},"end":{"line":204,"column":71}}]},"17":{"loc":{"start":{"line":217,"column":20},"end":{"line":217,"column":79}},"type":"binary-expr","locations":[{"start":{"line":217,"column":20},"end":{"line":217,"column":37}},{"start":{"line":217,"column":41},"end":{"line":217,"column":79}}]},"18":{"loc":{"start":{"line":223,"column":2},"end":{"line":234,"column":3}},"type":"if","locations":[{"start":{"line":223,"column":2},"end":{"line":234,"column":3}},{"start":{"line":232,"column":9},"end":{"line":234,"column":3}}]}},"s":{"0":1,"1":1,"2":1,"3":1,"4":1,"5":1,"6":1,"7":1,"8":1,"9":44,"10":44,"11":44,"12":44,"13":17,"14":17,"15":27,"16":2,"17":2,"18":2,"19":25,"20":2,"21":2,"22":2,"23":23,"24":23,"25":23,"26":22,"27":22,"28":20,"29":20,"30":20,"31":20,"32":20,"33":20,"34":20,"35":20,"36":20,"37":15,"38":15,"39":15,"40":15,"41":15,"42":15,"43":15,"44":15,"45":15,"46":15,"47":15,"48":15,"49":5,"50":20,"51":20,"52":20,"53":15,"54":15,"55":15,"56":5,"57":5,"58":20,"59":20,"60":20,"61":2,"62":2,"63":20,"64":12,"65":1,"66":1,"67":1,"68":17,"69":17,"70":17,"71":17,"72":17,"73":17,"74":17,"75":2,"76":15,"77":30,"78":15,"79":14,"80":3,"81":7,"82":3,"83":4,"84":4,"85":8,"86":8,"87":5,"88":5,"89":17,"90":17,"91":17,"92":17,"93":17,"94":17,"95":17,"96":17,"97":14,"98":14,"99":14,"100":14,"101":14,"102":14,"103":14,"104":14,"105":3,"106":17,"107":17,"108":17},"f":{"0":44,"1":12,"2":1,"3":17,"4":15,"5":8},"b":{"0":[44,1],"1":[17,27],"2":[17,17],"3":[2,25],"4":[2,23],"5":[20,2],"6":[15,5],"7":[15,5],"8":[2,1],"9":[17,17],"10":[1,16],"11":[2,15],"12":[3,7],"13":[3,4],"14":[3,1],"15":[6,2],"16":[8,2],"17":[17,17],"18":[14,3]}}
,"E:\\WorkStation\\ubuild\\src\\commands\\list.ts": {"path":"E:\\WorkStation\\ubuild\\src\\commands\\list.ts","statementMap":{"0":{"start":{"line":36,"column":0},"end":{"line":36,"column":7}},"1":{"start":{"line":119,"column":0},"end":{"line":119,"column":16}},"2":{"start":{"line":11,"column":0},"end":{"line":11,"column":26}},"3":{"start":{"line":13,"column":0},"end":{"line":13,"column":59}},"4":{"start":{"line":14,"column":0},"end":{"line":14,"column":41}},"5":{"start":{"line":15,"column":0},"end":{"line":15,"column":52}},"6":{"start":{"line":37,"column":17},"end":{"line":37,"column":67}},"7":{"start":{"line":39,"column":17},"end":{"line":42,"column":4}},"8":{"start":{"line":44,"column":2},"end":{"line":47,"column":3}},"9":{"start":{"line":45,"column":4},"end":{"line":45,"column":24}},"10":{"start":{"line":46,"column":4},"end":{"line":46,"column":11}},"11":{"start":{"line":49,"column":2},"end":{"line":49,"column":36}},"12":{"start":{"line":51,"column":2},"end":{"line":58,"column":3}},"13":{"start":{"line":52,"column":4},"end":{"line":52,"column":61}},"14":{"start":{"line":53,"column":4},"end":{"line":56,"column":5}},"15":{"start":{"line":54,"column":6},"end":{"line":54,"column":34}},"16":{"start":{"line":55,"column":6},"end":{"line":55,"column":77}},"17":{"start":{"line":55,"column":43},"end":{"line":55,"column":75}},"18":{"start":{"line":57,"column":4},"end":{"line":57,"column":64}},"19":{"start":{"line":60,"column":2},"end":{"line":63,"column":3}},"20":{"start":{"line":61,"column":4},"end":{"line":61,"column":37}},"21":{"start":{"line":62,"column":4},"end":{"line":62,"column":40}},"22":{"start":{"line":65,"column":18},"end":{"line":65,"column":32}},"23":{"start":{"line":67,"column":2},"end":{"line":67,"column":63}},"24":{"start":{"line":68,"column":2},"end":{"line":68,"column":21}},"25":{"start":{"line":70,"column":2},"end":{"line":70,"column":39}},"26":{"start":{"line":71,"column":2},"end":{"line":71,"column":44}},"27":{"start":{"line":72,"column":2},"end":{"line":72,"column":76}},"28":{"start":{"line":73,"column":2},"end":{"line":73,"column":80}},"29":{"start":{"line":75,"column":2},"end":{"line":80,"column":3}},"30":{"start":{"line":76,"column":4},"end":{"line":76,"column":31}},"31":{"start":{"line":77,"column":4},"end":{"line":79,"column":7}},"32":{"start":{"line":78,"column":6},"end":{"line":78,"column":94}},"33":{"start":{"line":82,"column":2},"end":{"line":87,"column":3}},"34":{"start":{"line":83,"column":4},"end":{"line":83,"column":37}},"35":{"start":{"line":84,"column":4},"end":{"line":86,"column":7}},"36":{"start":{"line":85,"column":6},"end":{"line":85,"column":60}},"37":{"start":{"line":89,"column":2},"end":{"line":94,"column":3}},"38":{"start":{"line":90,"column":4},"end":{"line":90,"column":38}},"39":{"start":{"line":91,"column":4},"end":{"line":93,"column":7}},"40":{"start":{"line":92,"column":6},"end":{"line":92,"column":43}},"41":{"start":{"line":96,"column":2},"end":{"line":102,"column":3}},"42":{"start":{"line":97,"column":4},"end":{"line":97,"column":31}},"43":{"start":{"line":98,"column":4},"end":{"line":101,"column":7}},"44":{"start":{"line":99,"column":21},"end":{"line":99,"column":85}},"45":{"start":{"line":100,"column":6},"end":{"line":100,"column":55}},"46":{"start":{"line":104,"column":2},"end":{"line":109,"column":3}},"47":{"start":{"line":105,"column":4},"end":{"line":105,"column":32}},"48":{"start":{"line":106,"column":4},"end":{"line":108,"column":7}},"49":{"start":{"line":107,"column":6},"end":{"line":107,"column":39}},"50":{"start":{"line":111,"column":2},"end":{"line":111,"column":21}},"51":{"start":{"line":112,"column":2},"end":{"line":112,"column":47}},"52":{"start":{"line":120,"column":2},"end":{"line":137,"column":7}},"53":{"start":{"line":128,"column":6},"end":{"line":136,"column":7}},"54":{"start":{"line":129,"column":8},"end":{"line":133,"column":11}},"55":{"start":{"line":135,"column":8},"end":{"line":135,"column":57}}},"fnMap":{"0":{"name":"executeList","decl":{"start":{"line":36,"column":22},"end":{"line":36,"column":33}},"loc":{"start":{"line":36,"column":61},"end":{"line":113,"column":1}}},"1":{"name":"(anonymous_2)","decl":{"start":{"line":55,"column":30},"end":{"line":55,"column":31}},"loc":{"start":{"line":55,"column":43},"end":{"line":55,"column":75}}},"2":{"name":"(anonymous_3)","decl":{"start":{"line":77,"column":37},"end":{"line":77,"column":38}},"loc":{"start":{"line":77,"column":48},"end":{"line":79,"column":5}}},"3":{"name":"(anonymous_4)","decl":{"start":{"line":84,"column":28},"end":{"line":84,"column":29}},"loc":{"start":{"line":84,"column":39},"end":{"line":86,"column":5}}},"4":{"name":"(anonymous_5)","decl":{"start":{"line":91,"column":28},"end":{"line":91,"column":29}},"loc":{"start":{"line":91,"column":39},"end":{"line":93,"column":5}}},"5":{"name":"(anonymous_6)","decl":{"start":{"line":98,"column":37},"end":{"line":98,"column":38}},"loc":{"start":{"line":98,"column":48},"end":{"line":101,"column":5}}},"6":{"name":"(anonymous_7)","decl":{"start":{"line":106,"column":28},"end":{"line":106,"column":29}},"loc":{"start":{"line":106,"column":40},"end":{"line":108,"column":5}}},"7":{"name":"listCommand","decl":{"start":{"line":119,"column":16},"end":{"line":119,"column":27}},"loc":{"start":{"line":119,"column":44},"end":{"line":138,"column":1}}},"8":{"name":"(anonymous_9)","decl":{"start":{"line":127,"column":12},"end":{"line":127,"column":17}},"loc":{"start":{"line":127,"column":30},"end":{"line":137,"column":5}}}},"branchMap":{"0":{"loc":{"start":{"line":40,"column":9},"end":{"line":40,"column":41}},"type":"binary-expr","locations":[{"start":{"line":40,"column":9},"end":{"line":40,"column":24}},{"start":{"line":40,"column":28},"end":{"line":40,"column":41}}]},"1":{"loc":{"start":{"line":44,"column":2},"end":{"line":47,"column":3}},"type":"if","locations":[{"start":{"line":44,"column":2},"end":{"line":47,"column":3}},{"start":{},"end":{}}]},"2":{"loc":{"start":{"line":51,"column":2},"end":{"line":58,"column":3}},"type":"if","locations":[{"start":{"line":51,"column":2},"end":{"line":58,"column":3}},{"start":{},"end":{}}]},"3":{"loc":{"start":{"line":52,"column":17},"end":{"line":52,"column":59}},"type":"binary-expr","locations":[{"start":{"line":52,"column":17},"end":{"line":52,"column":29}},{"start":{"line":52,"column":33},"end":{"line":52,"column":59}}]},"4":{"loc":{"start":{"line":53,"column":4},"end":{"line":56,"column":5}},"type":"if","locations":[{"start":{"line":53,"column":4},"end":{"line":56,"column":5}},{"start":{},"end":{}}]},"5":{"loc":{"start":{"line":57,"column":20},"end":{"line":57,"column":62}},"type":"binary-expr","locations":[{"start":{"line":57,"column":20},"end":{"line":57,"column":32}},{"start":{"line":57,"column":36},"end":{"line":57,"column":62}}]},"6":{"loc":{"start":{"line":60,"column":2},"end":{"line":63,"column":3}},"type":"if","locations":[{"start":{"line":60,"column":2},"end":{"line":63,"column":3}},{"start":{},"end":{}}]},"7":{"loc":{"start":{"line":72,"column":38},"end":{"line":72,"column":70}},"type":"binary-expr","locations":[{"start":{"line":72,"column":38},"end":{"line":72,"column":55}},{"start":{"line":72,"column":59},"end":{"line":72,"column":70}}]},"8":{"loc":{"start":{"line":75,"column":2},"end":{"line":80,"column":3}},"type":"if","locations":[{"start":{"line":75,"column":2},"end":{"line":80,"column":3}},{"start":{},"end":{}}]},"9":{"loc":{"start":{"line":82,"column":2},"end":{"line":87,"column":3}},"type":"if","locations":[{"start":{"line":82,"column":2},"end":{"line":87,"column":3}},{"start":{},"end":{}}]},"10":{"loc":{"start":{"line":89,"column":2},"end":{"line":94,"column":3}},"type":"if","locations":[{"start":{"line":89,"column":2},"end":{"line":94,"column":3}},{"start":{},"end":{}}]},"11":{"loc":{"start":{"line":96,"column":2},"end":{"line":102,"column":3}},"type":"if","locations":[{"start":{"line":96,"column":2},"end":{"line":102,"column":3}},{"start":{},"end":{}}]},"12":{"loc":{"start":{"line":96,"column":6},"end":{"line":96,"column":69}},"type":"binary-expr","locations":[{"start":{"line":96,"column":6},"end":{"line":96,"column":30}},{"start":{"line":96,"column":34},"end":{"line":96,"column":69}}]},"13":{"loc":{"start":{"line":99,"column":21},"end":{"line":99,"column":85}},"type":"cond-expr","locations":[{"start":{"line":99,"column":38},"end":{"line":99,"column":60}},{"start":{"line":99,"column":63},"end":{"line":99,"column":85}}]},"14":{"loc":{"start":{"line":104,"column":2},"end":{"line":109,"column":3}},"type":"if","locations":[{"start":{"line":104,"column":2},"end":{"line":109,"column":3}},{"start":{},"end":{}}]}},"s":{"0":1,"1":1,"2":1,"3":1,"4":1,"5":1,"6":21,"7":21,"8":19,"9":3,"10":3,"11":16,"12":16,"13":2,"14":2,"15":1,"16":1,"17":2,"18":2,"19":14,"20":1,"21":1,"22":13,"23":13,"24":13,"25":13,"26":13,"27":13,"28":13,"29":13,"30":12,"31":12,"32":12,"33":13,"34":11,"35":11,"36":22,"37":13,"38":11,"39":11,"40":11,"41":13,"42":12,"43":12,"44":13,"45":13,"46":13,"47":1,"48":1,"49":2,"50":13,"51":13,"52":5,"53":2,"54":2,"55":1},"f":{"0":21,"1":2,"2":12,"3":22,"4":11,"5":13,"6":2,"7":5,"8":2},"b":{"0":[21,20],"1":[3,16],"2":[2,14],"3":[2,0],"4":[1,1],"5":[2,0],"6":[1,13],"7":[13,1],"8":[12,1],"9":[11,2],"10":[11,2],"11":[12,1],"12":[13,12],"13":[12,1],"14":[1,12]}}
,"E:\\WorkStation\\ubuild\\src\\commands\\run.ts": {"path":"E:\\WorkStation\\ubuild\\src\\commands\\run.ts","statementMap":{"0":{"start":{"line":39,"column":0},"end":{"line":39,"column":16}},"1":{"start":{"line":11,"column":0},"end":{"line":11,"column":52}},"2":{"start":{"line":12,"column":0},"end":{"line":12,"column":55}},"3":{"start":{"line":19,"column":0},"end":{"line":19,"column":9}},"4":{"start":{"line":19,"column":9},"end":{"line":19,"column":55}},"5":{"start":{"line":26,"column":0},"end":{"line":26,"column":9}},"6":{"start":{"line":26,"column":9},"end":{"line":26,"column":52}},"7":{"start":{"line":40,"column":2},"end":{"line":73,"column":7}},"8":{"start":{"line":62,"column":6},"end":{"line":72,"column":7}},"9":{"start":{"line":64,"column":8},"end":{"line":67,"column":9}},"10":{"start":{"line":65,"column":10},"end":{"line":65,"column":33}},"11":{"start":{"line":66,"column":10},"end":{"line":66,"column":31}},"12":{"start":{"line":68,"column":23},"end":{"line":68,"column":42}},"13":{"start":{"line":69,"column":8},"end":{"line":69,"column":34}},"14":{"start":{"line":71,"column":8},"end":{"line":71,"column":34}}},"fnMap":{"0":{"name":"(anonymous_0)","decl":{"start":{"line":19,"column":9},"end":{"line":19,"column":22}},"loc":{"start":{"line":19,"column":9},"end":{"line":19,"column":55}}},"1":{"name":"(anonymous_1)","decl":{"start":{"line":26,"column":9},"end":{"line":26,"column":19}},"loc":{"start":{"line":26,"column":9},"end":{"line":26,"column":52}}},"2":{"name":"runCommand","decl":{"start":{"line":39,"column":16},"end":{"line":39,"column":26}},"loc":{"start":{"line":39,"column":43},"end":{"line":74,"column":1}}},"3":{"name":"(anonymous_3)","decl":{"start":{"line":61,"column":12},"end":{"line":61,"column":17}},"loc":{"start":{"line":61,"column":30},"end":{"line":73,"column":5}}}},"branchMap":{"0":{"loc":{"start":{"line":64,"column":8},"end":{"line":67,"column":9}},"type":"if","locations":[{"start":{"line":64,"column":8},"end":{"line":67,"column":9}},{"start":{},"end":{}}]},"1":{"loc":{"start":{"line":64,"column":12},"end":{"line":64,"column":48}},"type":"binary-expr","locations":[{"start":{"line":64,"column":12},"end":{"line":64,"column":30}},{"start":{"line":64,"column":34},"end":{"line":64,"column":48}}]}},"s":{"0":1,"1":1,"2":1,"3":1,"4":6,"5":1,"6":5,"7":7,"8":5,"9":5,"10":1,"11":1,"12":5,"13":5,"14":2},"f":{"0":5,"1":4,"2":7,"3":5},"b":{"0":[1,4],"1":[5,5]}}
,"E:\\WorkStation\\ubuild\\src\\commands\\update.ts": {"path":"E:\\WorkStation\\ubuild\\src\\commands\\update.ts","statementMap":{"0":{"start":{"line":71,"column":0},"end":{"line":71,"column":7}},"1":{"start":{"line":149,"column":0},"end":{"line":149,"column":16}},"2":{"start":{"line":11,"column":0},"end":{"line":11,"column":26}},"3":{"start":{"line":12,"column":0},"end":{"line":12,"column":30}},"4":{"start":{"line":13,"column":0},"end":{"line":13,"column":26}},"5":{"start":{"line":14,"column":0},"end":{"line":14,"column":24}},"6":{"start":{"line":16,"column":0},"end":{"line":16,"column":41}},"7":{"start":{"line":17,"column":0},"end":{"line":17,"column":51}},"8":{"start":{"line":18,"column":0},"end":{"line":18,"column":65}},"9":{"start":{"line":33,"column":26},"end":{"line":33,"column":71}},"10":{"start":{"line":34,"column":22},"end":{"line":34,"column":56}},"11":{"start":{"line":36,"column":2},"end":{"line":38,"column":3}},"12":{"start":{"line":37,"column":4},"end":{"line":37,"column":51}},"13":{"start":{"line":40,"column":2},"end":{"line":42,"column":3}},"14":{"start":{"line":41,"column":4},"end":{"line":41,"column":66}},"15":{"start":{"line":44,"column":2},"end":{"line":44,"column":29}},"16":{"start":{"line":53,"column":2},"end":{"line":64,"column":3}},"17":{"start":{"line":54,"column":35},"end":{"line":59,"column":6}},"18":{"start":{"line":60,"column":4},"end":{"line":60,"column":49}},"19":{"start":{"line":62,"column":4},"end":{"line":62,"column":72}},"20":{"start":{"line":63,"column":4},"end":{"line":63,"column":17}},"21":{"start":{"line":72,"column":17},"end":{"line":72,"column":79}},"22":{"start":{"line":74,"column":2},"end":{"line":133,"column":3}},"23":{"start":{"line":75,"column":4},"end":{"line":75,"column":34}},"24":{"start":{"line":77,"column":27},"end":{"line":77,"column":52}},"25":{"start":{"line":78,"column":4},"end":{"line":78,"column":66}},"26":{"start":{"line":80,"column":4},"end":{"line":80,"column":50}},"27":{"start":{"line":82,"column":38},"end":{"line":82,"column":95}},"28":{"start":{"line":83,"column":26},"end":{"line":83,"column":46}},"29":{"start":{"line":85,"column":4},"end":{"line":88,"column":5}},"30":{"start":{"line":86,"column":6},"end":{"line":86,"column":62}},"31":{"start":{"line":87,"column":6},"end":{"line":87,"column":65}},"32":{"start":{"line":90,"column":4},"end":{"line":90,"column":64}},"33":{"start":{"line":92,"column":4},"end":{"line":95,"column":5}},"34":{"start":{"line":93,"column":6},"end":{"line":93,"column":66}},"35":{"start":{"line":94,"column":6},"end":{"line":94,"column":13}},"36":{"start":{"line":97,"column":24},"end":{"line":97,"column":74}},"37":{"start":{"line":99,"column":4},"end":{"line":102,"column":5}},"38":{"start":{"line":100,"column":6},"end":{"line":100,"column":66}},"39":{"start":{"line":101,"column":6},"end":{"line":101,"column":13}},"40":{"start":{"line":104,"column":4},"end":{"line":104,"column":77}},"41":{"start":{"line":105,"column":4},"end":{"line":105,"column":38}},"42":{"start":{"line":107,"column":21},"end":{"line":107,"column":50}},"43":{"start":{"line":109,"column":4},"end":{"line":115,"column":5}},"44":{"start":{"line":110,"column":6},"end":{"line":110,"column":72}},"45":{"start":{"line":111,"column":6},"end":{"line":111,"column":62}},"46":{"start":{"line":113,"column":6},"end":{"line":113,"column":70}},"47":{"start":{"line":114,"column":6},"end":{"line":114,"column":63}},"48":{"start":{"line":117,"column":41},"end":{"line":121,"column":6}},"49":{"start":{"line":122,"column":28},"end":{"line":122,"column":79}},"50":{"start":{"line":123,"column":23},"end":{"line":123,"column":75}},"51":{"start":{"line":125,"column":4},"end":{"line":125,"column":81}},"52":{"start":{"line":126,"column":4},"end":{"line":126,"column":85}},"53":{"start":{"line":129,"column":26},"end":{"line":130,"column":null}},"54":{"start":{"line":132,"column":4},"end":{"line":132,"column":24}},"55":{"start":{"line":150,"column":2},"end":{"line":159,"column":7}},"56":{"start":{"line":154,"column":6},"end":{"line":158,"column":7}},"57":{"start":{"line":155,"column":8},"end":{"line":155,"column":30}},"58":{"start":{"line":157,"column":8},"end":{"line":157,"column":51}}},"fnMap":{"0":{"name":"getCurrentVersion","decl":{"start":{"line":32,"column":15},"end":{"line":32,"column":32}},"loc":{"start":{"line":32,"column":32},"end":{"line":45,"column":1}}},"1":{"name":"isGlobalInstall","decl":{"start":{"line":52,"column":15},"end":{"line":52,"column":30}},"loc":{"start":{"line":52,"column":45},"end":{"line":65,"column":1}}},"2":{"name":"executeUpdate","decl":{"start":{"line":71,"column":22},"end":{"line":71,"column":35}},"loc":{"start":{"line":71,"column":70},"end":{"line":134,"column":1}}},"3":{"name":"updateCommand","decl":{"start":{"line":149,"column":16},"end":{"line":149,"column":29}},"loc":{"start":{"line":149,"column":46},"end":{"line":160,"column":1}}},"4":{"name":"(anonymous_5)","decl":{"start":{"line":153,"column":12},"end":{"line":153,"column":17}},"loc":{"start":{"line":153,"column":23},"end":{"line":159,"column":5}}}},"branchMap":{"0":{"loc":{"start":{"line":36,"column":2},"end":{"line":38,"column":3}},"type":"if","locations":[{"start":{"line":36,"column":2},"end":{"line":38,"column":3}},{"start":{},"end":{}}]},"1":{"loc":{"start":{"line":36,"column":6},"end":{"line":36,"column":61}},"type":"binary-expr","locations":[{"start":{"line":36,"column":6},"end":{"line":36,"column":37}},{"start":{"line":36,"column":41},"end":{"line":36,"column":61}}]},"2":{"loc":{"start":{"line":40,"column":2},"end":{"line":42,"column":3}},"type":"if","locations":[{"start":{"line":40,"column":2},"end":{"line":42,"column":3}},{"start":{},"end":{}}]},"3":{"loc":{"start":{"line":40,"column":6},"end":{"line":40,"column":76}},"type":"binary-expr","locations":[{"start":{"line":40,"column":6},"end":{"line":40,"column":33}},{"start":{"line":40,"column":37},"end":{"line":40,"column":76}}]},"4":{"loc":{"start":{"line":71,"column":36},"end":{"line":71,"column":70}},"type":"default-arg","locations":[{"start":{"line":71,"column":68},"end":{"line":71,"column":70}}]},"5":{"loc":{"start":{"line":85,"column":4},"end":{"line":88,"column":5}},"type":"if","locations":[{"start":{"line":85,"column":4},"end":{"line":88,"column":5}},{"start":{},"end":{}}]},"6":{"loc":{"start":{"line":92,"column":4},"end":{"line":95,"column":5}},"type":"if","locations":[{"start":{"line":92,"column":4},"end":{"line":95,"column":5}},{"start":{},"end":{}}]},"7":{"loc":{"start":{"line":99,"column":4},"end":{"line":102,"column":5}},"type":"if","locations":[{"start":{"line":99,"column":4},"end":{"line":102,"column":5}},{"start":{},"end":{}}]},"8":{"loc":{"start":{"line":109,"column":4},"end":{"line":115,"column":5}},"type":"if","locations":[{"start":{"line":109,"column":4},"end":{"line":115,"column":5}},{"start":{"line":112,"column":11},"end":{"line":115,"column":5}}]},"9":{"loc":{"start":{"line":123,"column":23},"end":{"line":123,"column":75}},"type":"cond-expr","locations":[{"start":{"line":123,"column":41},"end":{"line":123,"column":59}},{"start":{"line":123,"column":62},"end":{"line":123,"column":75}}]}},"s":{"0":1,"1":1,"2":1,"3":1,"4":1,"5":1,"6":1,"7":1,"8":1,"9":23,"10":23,"11":21,"12":2,"13":19,"14":2,"15":17,"16":12,"17":12,"18":11,"19":1,"20":1,"21":23,"22":23,"23":23,"24":23,"25":17,"26":17,"27":17,"28":16,"29":16,"30":2,"31":2,"32":14,"33":14,"34":1,"35":1,"36":13,"37":13,"38":1,"39":1,"40":12,"41":12,"42":12,"43":12,"44":3,"45":3,"46":9,"47":9,"48":10,"49":9,"50":9,"51":9,"52":9,"53":12,"54":12,"55":3,"56":2,"57":2,"58":1},"f":{"0":23,"1":12,"2":23,"3":3,"4":2},"b":{"0":[2,19],"1":[21,20],"2":[2,17],"3":[19,18],"4":[2],"5":[2,14],"6":[1,13],"7":[1,12],"8":[3,9],"9":[7,2]}}
,"E:\\WorkStation\\ubuild\\src\\commands\\version.ts": {"path":"E:\\WorkStation\\ubuild\\src\\commands\\version.ts","statementMap":{"0":{"start":{"line":68,"column":0},"end":{"line":68,"column":7}},"1":{"start":{"line":92,"column":0},"end":{"line":92,"column":16}},"2":{"start":{"line":10,"column":0},"end":{"line":10,"column":26}},"3":{"start":{"line":12,"column":0},"end":{"line":12,"column":41}},"4":{"start":{"line":13,"column":0},"end":{"line":13,"column":65}},"5":{"start":{"line":14,"column":0},"end":{"line":14,"column":26}},"6":{"start":{"line":15,"column":0},"end":{"line":15,"column":24}},"7":{"start":{"line":43,"column":26},"end":{"line":43,"column":77}},"8":{"start":{"line":45,"column":2},"end":{"line":60,"column":3}},"9":{"start":{"line":46,"column":24},"end":{"line":46,"column":58}},"10":{"start":{"line":47,"column":4},"end":{"line":51,"column":6}},"11":{"start":{"line":53,"column":4},"end":{"line":53,"column":71}},"12":{"start":{"line":55,"column":4},"end":{"line":59,"column":6}},"13":{"start":{"line":69,"column":17},"end":{"line":69,"column":67}},"14":{"start":{"line":71,"column":15},"end":{"line":71,"column":37}},"15":{"start":{"line":73,"column":2},"end":{"line":76,"column":3}},"16":{"start":{"line":74,"column":4},"end":{"line":74,"column":22}},"17":{"start":{"line":75,"column":4},"end":{"line":75,"column":11}},"18":{"start":{"line":78,"column":2},"end":{"line":78,"column":60}},"19":{"start":{"line":79,"column":2},"end":{"line":79,"column":21}},"20":{"start":{"line":80,"column":2},"end":{"line":80,"column":64}},"21":{"start":{"line":81,"column":2},"end":{"line":81,"column":56}},"22":{"start":{"line":82,"column":2},"end":{"line":82,"column":21}},"23":{"start":{"line":83,"column":2},"end":{"line":83,"column":40}},"24":{"start":{"line":84,"column":2},"end":{"line":84,"column":21}},"25":{"start":{"line":85,"column":2},"end":{"line":85,"column":63}},"26":{"start":{"line":93,"column":2},"end":{"line":106,"column":7}},"27":{"start":{"line":99,"column":6},"end":{"line":105,"column":7}},"28":{"start":{"line":100,"column":8},"end":{"line":102,"column":11}},"29":{"start":{"line":104,"column":8},"end":{"line":104,"column":64}}},"fnMap":{"0":{"name":"getVersionInfo","decl":{"start":{"line":41,"column":15},"end":{"line":41,"column":29}},"loc":{"start":{"line":41,"column":29},"end":{"line":61,"column":1}}},"1":{"name":"executeVersion","decl":{"start":{"line":68,"column":22},"end":{"line":68,"column":36}},"loc":{"start":{"line":68,"column":72},"end":{"line":86,"column":1}}},"2":{"name":"versionCommand","decl":{"start":{"line":92,"column":16},"end":{"line":92,"column":30}},"loc":{"start":{"line":92,"column":47},"end":{"line":107,"column":1}}},"3":{"name":"(anonymous_4)","decl":{"start":{"line":98,"column":12},"end":{"line":98,"column":17}},"loc":{"start":{"line":98,"column":30},"end":{"line":106,"column":5}}}},"branchMap":{"0":{"loc":{"start":{"line":48,"column":15},"end":{"line":48,"column":47}},"type":"binary-expr","locations":[{"start":{"line":48,"column":15},"end":{"line":48,"column":34}},{"start":{"line":48,"column":38},"end":{"line":48,"column":47}}]},"1":{"loc":{"start":{"line":49,"column":12},"end":{"line":49,"column":48}},"type":"binary-expr","locations":[{"start":{"line":49,"column":12},"end":{"line":49,"column":28}},{"start":{"line":49,"column":32},"end":{"line":49,"column":48}}]},"2":{"loc":{"start":{"line":50,"column":19},"end":{"line":50,"column":89}},"type":"binary-expr","locations":[{"start":{"line":50,"column":19},"end":{"line":50,"column":42}},{"start":{"line":50,"column":46},"end":{"line":50,"column":89}}]},"3":{"loc":{"start":{"line":68,"column":37},"end":{"line":68,"column":72}},"type":"default-arg","locations":[{"start":{"line":68,"column":70},"end":{"line":68,"column":72}}]},"4":{"loc":{"start":{"line":73,"column":2},"end":{"line":76,"column":3}},"type":"if","locations":[{"start":{"line":73,"column":2},"end":{"line":76,"column":3}},{"start":{},"end":{}}]}},"s":{"0":2,"1":2,"2":2,"3":2,"4":2,"5":2,"6":2,"7":14,"8":14,"9":14,"10":12,"11":2,"12":2,"13":14,"14":14,"15":14,"16":4,"17":4,"18":10,"19":9,"20":9,"21":9,"22":9,"23":9,"24":9,"25":9,"26":6,"27":3,"28":3,"29":1},"f":{"0":14,"1":14,"2":6,"3":3},"b":{"0":[12,1],"1":[12,1],"2":[12,1],"3":[1],"4":[4,10]}}
,"E:\\WorkStation\\ubuild\\src\\core\\build-executor.ts": {"path":"E:\\WorkStation\\ubuild\\src\\core\\build-executor.ts","statementMap":{"0":{"start":{"line":11,"column":0},"end":{"line":11,"column":30}},"1":{"start":{"line":12,"column":0},"end":{"line":12,"column":24}},"2":{"start":{"line":13,"column":0},"end":{"line":13,"column":26}},"3":{"start":{"line":16,"column":0},"end":{"line":16,"column":51}},"4":{"start":{"line":17,"column":0},"end":{"line":17,"column":85}},"5":{"start":{"line":18,"column":0},"end":{"line":18,"column":45}},"6":{"start":{"line":19,"column":0},"end":{"line":19,"column":62}},"7":{"start":{"line":20,"column":0},"end":{"line":20,"column":58}},"8":{"start":{"line":21,"column":0},"end":{"line":21,"column":51}},"9":{"start":{"line":22,"column":0},"end":{"line":22,"column":67}},"10":{"start":{"line":23,"column":0},"end":{"line":23,"column":46}},"11":{"start":{"line":39,"column":39},"end":{"line":39,"column":68}},"12":{"start":{"line":40,"column":4},"end":{"line":40,"column":25}},"13":{"start":{"line":41,"column":4},"end":{"line":41,"column":25}},"14":{"start":{"line":42,"column":4},"end":{"line":42,"column":25}},"15":{"start":{"line":51,"column":22},"end":{"line":51,"column":32}},"16":{"start":{"line":53,"column":4},"end":{"line":94,"column":5}},"17":{"start":{"line":54,"column":31},"end":{"line":54,"column":66}},"18":{"start":{"line":55,"column":68},"end":{"line":55,"column":84}},"19":{"start":{"line":57,"column":6},"end":{"line":57,"column":78}},"20":{"start":{"line":58,"column":6},"end":{"line":58,"column":50}},"21":{"start":{"line":59,"column":6},"end":{"line":59,"column":48}},"22":{"start":{"line":61,"column":27},"end":{"line":61,"column":94}},"23":{"start":{"line":62,"column":32},"end":{"line":62,"column":65}},"24":{"start":{"line":64,"column":43},"end":{"line":66,"column":73}},"25":{"start":{"line":68,"column":23},"end":{"line":68,"column":45}},"26":{"start":{"line":69,"column":22},"end":{"line":69,"column":36}},"27":{"start":{"line":71,"column":39},"end":{"line":77,"column":8}},"28":{"start":{"line":79,"column":6},"end":{"line":81,"column":7}},"29":{"start":{"line":80,"column":8},"end":{"line":80,"column":70}},"30":{"start":{"line":83,"column":6},"end":{"line":83,"column":25}},"31":{"start":{"line":85,"column":23},"end":{"line":85,"column":45}},"32":{"start":{"line":86,"column":6},"end":{"line":93,"column":8}},"33":{"start":{"line":106,"column":27},"end":{"line":106,"column":66}},"34":{"start":{"line":107,"column":27},"end":{"line":107,"column":66}},"35":{"start":{"line":108,"column":29},"end":{"line":108,"column":72}},"36":{"start":{"line":109,"column":18},"end":{"line":109,"column":40}},"37":{"start":{"line":110,"column":20},"end":{"line":110,"column":44}},"38":{"start":{"line":111,"column":27},"end":{"line":111,"column":55}},"39":{"start":{"line":113,"column":24},"end":{"line":114,"column":null}},"40":{"start":{"line":117,"column":23},"end":{"line":120,"column":6}},"41":{"start":{"line":122,"column":25},"end":{"line":122,"column":31}},"42":{"start":{"line":123,"column":29},"end":{"line":123,"column":81}},"43":{"start":{"line":125,"column":4},"end":{"line":142,"column":5}},"44":{"start":{"line":127,"column":21},"end":{"line":127,"column":83}},"45":{"start":{"line":128,"column":6},"end":{"line":139,"column":7}},"46":{"start":{"line":130,"column":8},"end":{"line":130,"column":32}},"47":{"start":{"line":131,"column":8},"end":{"line":131,"column":80}},"48":{"start":{"line":132,"column":13},"end":{"line":139,"column":7}},"49":{"start":{"line":134,"column":38},"end":{"line":134,"column":55}},"50":{"start":{"line":136,"column":8},"end":{"line":138,"column":10}},"51":{"start":{"line":137,"column":98},"end":{"line":137,"column":104}},"52":{"start":{"line":141,"column":6},"end":{"line":141,"column":76}},"53":{"start":{"line":144,"column":4},"end":{"line":157,"column":6}},"54":{"start":{"line":166,"column":17},"end":{"line":172,"column":6}},"55":{"start":{"line":174,"column":4},"end":{"line":176,"column":5}},"56":{"start":{"line":175,"column":6},"end":{"line":175,"column":26}},"57":{"start":{"line":178,"column":4},"end":{"line":180,"column":5}},"58":{"start":{"line":179,"column":6},"end":{"line":179,"column":28}},"59":{"start":{"line":182,"column":4},"end":{"line":182,"column":41}},"60":{"start":{"line":183,"column":4},"end":{"line":183,"column":16}},"61":{"start":{"line":196,"column":4},"end":{"line":196,"column":72}},"62":{"start":{"line":198,"column":25},"end":{"line":202,"column":6}},"63":{"start":{"line":204,"column":17},"end":{"line":204,"column":19}},"64":{"start":{"line":205,"column":17},"end":{"line":205,"column":19}},"65":{"start":{"line":207,"column":4},"end":{"line":213,"column":5}},"66":{"start":{"line":208,"column":6},"end":{"line":212,"column":9}},"67":{"start":{"line":209,"column":20},"end":{"line":209,"column":35}},"68":{"start":{"line":210,"column":8},"end":{"line":210,"column":22}},"69":{"start":{"line":211,"column":8},"end":{"line":211,"column":31}},"70":{"start":{"line":215,"column":4},"end":{"line":221,"column":5}},"71":{"start":{"line":216,"column":6},"end":{"line":220,"column":9}},"72":{"start":{"line":217,"column":20},"end":{"line":217,"column":35}},"73":{"start":{"line":218,"column":8},"end":{"line":218,"column":22}},"74":{"start":{"line":219,"column":8},"end":{"line":219,"column":31}},"75":{"start":{"line":223,"column":19},"end":{"line":223,"column":37}},"76":{"start":{"line":224,"column":4},"end":{"line":228,"column":6}},"77":{"start":{"line":241,"column":17},"end":{"line":241,"column":40}},"78":{"start":{"line":242,"column":4},"end":{"line":242,"column":57}},"79":{"start":{"line":256,"column":20},"end":{"line":256,"column":64}},"80":{"start":{"line":258,"column":17},"end":{"line":258,"column":40}},"81":{"start":{"line":259,"column":4},"end":{"line":259,"column":52}},"82":{"start":{"line":270,"column":4},"end":{"line":294,"column":5}},"83":{"start":{"line":271,"column":23},"end":{"line":271,"column":34}},"84":{"start":{"line":272,"column":6},"end":{"line":274,"column":7}},"85":{"start":{"line":273,"column":8},"end":{"line":273,"column":47}},"86":{"start":{"line":276,"column":24},"end":{"line":276,"column":55}},"87":{"start":{"line":277,"column":6},"end":{"line":279,"column":7}},"88":{"start":{"line":278,"column":8},"end":{"line":278,"column":18}},"89":{"start":{"line":281,"column":26},"end":{"line":283,"column":71}},"90":{"start":{"line":283,"column":25},"end":{"line":283,"column":70}},"91":{"start":{"line":283,"column":45},"end":{"line":283,"column":69}},"92":{"start":{"line":285,"column":6},"end":{"line":290,"column":9}},"93":{"start":{"line":286,"column":21},"end":{"line":286,"column":54}},"94":{"start":{"line":287,"column":21},"end":{"line":287,"column":42}},"95":{"start":{"line":289,"column":8},"end":{"line":289,"column":30}},"96":{"start":{"line":292,"column":6},"end":{"line":292,"column":72}},"97":{"start":{"line":293,"column":6},"end":{"line":293,"column":16}},"98":{"start":{"line":303,"column":20},"end":{"line":303,"column":72}},"99":{"start":{"line":304,"column":28},"end":{"line":304,"column":68}},"100":{"start":{"line":304,"column":48},"end":{"line":304,"column":67}},"101":{"start":{"line":306,"column":4},"end":{"line":310,"column":6}},"102":{"start":{"line":319,"column":21},"end":{"line":324,"column":6}},"103":{"start":{"line":325,"column":4},"end":{"line":325,"column":37}},"104":{"start":{"line":29,"column":0},"end":{"line":29,"column":13}}},"fnMap":{"0":{"name":"(anonymous_1)","decl":{"start":{"line":38,"column":2},"end":{"line":38,"column":14}},"loc":{"start":{"line":38,"column":43},"end":{"line":43,"column":3}}},"1":{"name":"(anonymous_2)","decl":{"start":{"line":50,"column":2},"end":{"line":50,"column":7}},"loc":{"start":{"line":50,"column":37},"end":{"line":95,"c
[...]
t":{"line":211,"column":6},"end":{"line":211,"column":92}},"52":{"start":{"line":212,"column":6},"end":{"line":212,"column":19}},"53":{"start":{"line":243,"column":4},"end":{"line":247,"column":5}},"54":{"start":{"line":244,"column":6},"end":{"line":244,"column":63}},"55":{"start":{"line":245,"column":6},"end":{"line":245,"column":74}},"56":{"start":{"line":246,"column":6},"end":{"line":246,"column":40}},"57":{"start":{"line":249,"column":4},"end":{"line":253,"column":5}},"58":{"start":{"line":250,"column":6},"end":{"line":250,"column":70}},"59":{"start":{"line":251,"column":6},"end":{"line":251,"column":90}},"60":{"start":{"line":252,"column":6},"end":{"line":252,"column":40}},"61":{"start":{"line":255,"column":4},"end":{"line":259,"column":5}},"62":{"start":{"line":256,"column":6},"end":{"line":256,"column":67}},"63":{"start":{"line":257,"column":6},"end":{"line":257,"column":78}},"64":{"start":{"line":258,"column":6},"end":{"line":258,"column":42}},"65":{"start":{"line":262,"column":19},"end":{"line":262,"column":58}},"66":{"start":{"line":263,"column":19},"end":{"line":263,"column":58}},"67":{"start":{"line":264,"column":21},"end":{"line":264,"column":64}},"68":{"start":{"line":266,"column":4},"end":{"line":266,"column":40}},"69":{"start":{"line":279,"column":4},"end":{"line":320,"column":5}},"70":{"start":{"line":280,"column":6},"end":{"line":282,"column":7}},"71":{"start":{"line":281,"column":8},"end":{"line":281,"column":84}},"72":{"start":{"line":284,"column":19},"end":{"line":284,"column":43}},"73":{"start":{"line":285,"column":6},"end":{"line":287,"column":7}},"74":{"start":{"line":286,"column":8},"end":{"line":286,"column":78}},"75":{"start":{"line":289,"column":20},"end":{"line":289,"column":47}},"76":{"start":{"line":290,"column":28},"end":{"line":290,"column":83}},"77":{"start":{"line":290,"column":48},"end":{"line":290,"column":82}},"78":{"start":{"line":292,"column":6},"end":{"line":294,"column":7}},"79":{"start":{"line":293,"column":8},"end":{"line":293,"column":91}},"80":{"start":{"line":296,"column":28},"end":{"line":296,"column":72}},"81":{"start":{"line":296,"column":48},"end":{"line":296,"column":71}},"82":{"start":{"line":297,"column":6},"end":{"line":302,"column":7}},"83":{"start":{"line":298,"column":8},"end":{"line":301,"column":10}},"84":{"start":{"line":304,"column":6},"end":{"line":309,"column":7}},"85":{"start":{"line":305,"column":8},"end":{"line":308,"column":10}},"86":{"start":{"line":311,"column":6},"end":{"line":314,"column":8}},"87":{"start":{"line":316,"column":6},"end":{"line":319,"column":8}},"88":{"start":{"line":43,"column":0},"end":{"line":43,"column":13}}},"fnMap":{"0":{"name":"(anonymous_1)","decl":{"start":{"line":52,"column":2},"end":{"line":52,"column":8}},"loc":{"start":{"line":52,"column":78},"end":{"line":64,"column":3}}},"1":{"name":"(anonymous_2)","decl":{"start":{"line":76,"column":2},"end":{"line":76,"column":8}},"loc":{"start":{"line":79,"column":44},"end":{"line":95,"column":3}}},"2":{"name":"(anonymous_3)","decl":{"start":{"line":102,"column":2},"end":{"line":102,"column":8}},"loc":{"start":{"line":102,"column":40},"end":{"line":104,"column":3}}},"3":{"name":"(anonymous_4)","decl":{"start":{"line":111,"column":2},"end":{"line":111,"column":8}},"loc":{"start":{"line":111,"column":51},"end":{"line":135,"column":3}}},"4":{"name":"(anonymous_5)","decl":{"start":{"line":142,"column":2},"end":{"line":142,"column":8}},"loc":{"start":{"line":142,"column":42},"end":{"line":147,"column":3}}},"5":{"name":"(anonymous_6)","decl":{"start":{"line":154,"column":2},"end":{"line":154,"column":8}},"loc":{"start":{"line":154,"column":42},"end":{"line":156,"column":3}}},"6":{"name":"(anonymous_7)","decl":{"start":{"line":163,"column":2},"end":{"line":163,"column":8}},"loc":{"start":{"line":163,"column":46},"end":{"line":165,"column":3}}},"7":{"name":"(anonymous_8)","decl":{"start":{"line":172,"column":2},"end":{"line":172,"column":8}},"loc":{"start":{"line":172,"column":31},"end":{"line":174,"column":3}}},"8":{"name":"(anonymous_9)","decl":{"start":{"line":181,"column":2},"end":{"line":181,"column":8}},"loc":{"start":{"line":181,"column":40},"end":{"line":183,"column":3}}},"9":{"name":"(anonymous_10)","decl":{"start":{"line":190,"column":2},"end":{"line":190,"column":8}},"loc":{"start":{"line":190,"column":55},"end":{"line":214,"column":3}}},"10":{"name":"(anonymous_11)","decl":{"start":{"line":237,"column":2},"end":{"line":237,"column":8}},"loc":{"start":{"line":239,"column":74},"end":{"line":267,"column":3}}},"11":{"name":"(anonymous_12)","decl":{"start":{"line":275,"column":2},"end":{"line":275,"column":8}},"loc":{"start":{"line":277,"column":17},"end":{"line":321,"column":3}}},"12":{"name":"(anonymous_13)","decl":{"start":{"line":290,"column":41},"end":{"line":290,"column":42}},"loc":{"start":{"line":290,"column":48},"end":{"line":290,"column":82}}},"13":{"name":"(anonymous_14)","decl":{"start":{"line":296,"column":41},"end":{"line":296,"column":42}},"loc":{"start":{"line":296,"column":48},"end":{"line":296,"column":71}}}},"branchMap":{"0":{"loc":{"start":{"line":54,"column":4},"end":{"line":56,"column":5}},"type":"if","locations":[{"start":{"line":54,"column":4},"end":{"line":56,"column":5}},{"start":{},"end":{}}]},"1":{"loc":{"start":{"line":54,"column":8},"end":{"line":54,"column":36}},"type":"binary-expr","locations":[{"start":{"line":54,"column":8},"end":{"line":54,"column":21}},{"start":{"line":54,"column":25},"end":{"line":54,"column":36}}]},"2":{"loc":{"start":{"line":57,"column":4},"end":{"line":59,"column":5}},"type":"if","locations":[{"start":{"line":57,"column":4},"end":{"line":59,"column":5}},{"start":{},"end":{}}]},"3":{"loc":{"start":{"line":60,"column":4},"end":{"line":62,"column":5}},"type":"if","locations":[{"start":{"line":60,"column":4},"end":{"line":62,"column":5}},{"start":{},"end":{}}]},"4":{"loc":{"start":{"line":60,"column":8},"end":{"line":60,"column":51}},"type":"binary-expr","locations":[{"start":{"line":60,"column":8},"end":{"line":60,"column":30}},{"start":{"line":60,"column":34},"end":{"line":60,"column":51}}]},"5":{"loc":{"start":{"line":82,"column":4},"end":{"line":84,"column":5}},"type":"if","locations":[{"start":{"line":82,"column":4},"end":{"line":84,"column":5}},{"start":{},"end":{}}]},"6":{"loc":{"start":{"line":85,"column":4},"end":{"line":87,"column":5}},"type":"if","locations":[{"start":{"line":85,"column":4},"end":{"line":87,"column":5}},{"start":{},"end":{}}]},"7":{"loc":{"start":{"line":88,"column":4},"end":{"line":90,"column":5}},"type":"if","locations":[{"start":{"line":88,"column":4},"end":{"line":90,"column":5}},{"start":{},"end":{}}]},"8":{"loc":{"start":{"line":88,"column":8},"end":{"line":88,"column":58}},"type":"binary-expr","locations":[{"start":{"line":88,"column":8},"end":{"line":88,"column":34}},{"start":{"line":88,"column":38},"end":{"line":88,"column":58}}]},"9":{"loc":{"start":{"line":91,"column":4},"end":{"line":93,"column":5}},"type":"if","locations":[{"start":{"line":91,"column":4},"end":{"line":93,"column":5}},{"start":{},"end":{}}]},"10":{"loc":{"start":{"line":91,"column":8},"end":{"line":91,"column":58}},"type":"binary-expr","locations":[{"start":{"line":91,"column":8},"end":{"line":91,"column":34}},{"start":{"line":91,"column":38},"end":{"line":91,"column":58}}]},"11":{"loc":{"start":{"line":115,"column":6},"end":{"line":117,"column":7}},"type":"if","locations":[{"start":{"line":115,"column":6},"end":{"line":117,"column":7}},{"start":{},"end":{}}]},"12":{"loc":{"start":{"line":125,"column":8},"end":{"line":127,"column":9}},"type":"if","locations":[{"start":{"line":125,"column":8},"end":{"line":127,"column":9}},{"start":{},"end":{}}]},"13":{"loc":{"start":{"line":145,"column":6},"end":{"line":145,"column":98}},"type":"binary-expr","locations":[{"start":{"line":145,"column":6},"end":{"line":145,"column":70}},{"start":{"line":145,"column":74},"end":{"line":145,"column":98}}]},"14":{"loc":{"start":{"line":192,"column":6},"end":{"line":194,"column":7}},"type":"if","locations":[{"start":{"line":192,"column":6},"end":{"line":194,"column":7}},{"start":{},"end":{}}]},"15":{"loc":{"start":{"line":196,"column":6},"end":{"line":198,"column":7}},"type":"if","locations":[{"start":{"line":196,"column":6},"end":{"line":198,"column":7}},{"start":{},"end":{}}]},"16":{"loc":{"start":{"line":206,"column":8},"end":{"line":206,"column":95}},"type":"binary-expr","locations":[{"start":{"line":206,"column":8},"end":{"line":206,"column":54}},{"start":{"line":206,"column":58},"end":{"line":206,"column":95}}]},"17":{"loc":{"start":{"line":207,"column":30},"end":{"line":207,"column":82}},"type":"binary-expr","locations":[{"start":{"line":207,"column":30},"end":{"line":207,"column":47}},{"start":{"line":207,"column":51},"end":{"line":207,"column":82}}]},"18":{"loc":{"start":{"line":209,"column":21},"end":{"line":209,"column":83}},"type":"binary-expr","locations":[{"start":{"line":209,"column":21},"end":{"line":209,"column":40}},{"start":{"line":209,"column":44},"end":{"line":209,"column":64}},{"start":{"line":209,"column":68},"end":{"line":209,"column":83}}]},"19":{"loc":{"start":{"line":243,"column":4},"end":{"line":247,"column":5}},"type":"if","locations":[{"start":{"line":243,"column":4},"end":{"line":247,"column":5}},{"start":{},"end":{}}]},"20":{"loc":{"start":{"line":243,"column":8},"end":{"line":243,"column":80}},"type":"binary-expr","locations":[{"start":{"line":243,"column":8},"end":{"line":243,"column":36}},{"start":{"line":243,"column":40},"end":{"line":243,"column":80}}]},"21":{"loc":{"start":{"line":249,"column":4},"end":{"line":253,"column":5}},"type":"if","locations":[{"start":{"line":249,"column":4},"end":{"line":253,"column":5}},{"start":{},"end":{}}]},"22":{"loc":{"start":{"line":249,"column":8},"end":{"line":249,"column":80}},"type":"binary-expr","locations":[{"start":{"line":249,"column":8},"end":{"line":249,"column":36}},{"start":{"line":249,"column":40},"end":{"line":249,"column":80}}]},"23":{"loc":{"start":{"line":255,"column":4},"end":{"line":259,"column":5}},"type":"if","locations":[{"start":{"line":255,"column":4},"end":{"line":259,"column":5}},{"start":{},"end":{}}]},"24":{"loc":{"start":{"line":255,"column":8},"end":{"line":255,"column":86}},"type":"binary-expr","locations":[{"start":{"line":255,"column":8},"end":{"line":255,"column":38}},{"start":{"line":255,"column":42},"end":{"line":255,"column":86}}]},"25":{"loc":{"start":{"line":262,"column":19},"end":{"line":262,"column":58}},"type":"binary-expr","locations":[{"start":{"line":262,"column":19},"end":{"line":262,"column":33}},{"start":{"line":262,"column":37},"end":{"line":262,"column":58}}]},"26":{"loc":{"start":{"line":263,"column":19},"end":{"line":263,"column":58}},"type":"binary-expr","locations":[{"start":{"line":263,"column":19},"end":{"line":263,"column":33}},{"start":{"line":263,"column":37},"end":{"line":263,"column":58}}]},"27":{"loc":{"start":{"line":264,"column":21},"end":{"line":264,"column":64}},"type":"binary-expr","locations":[{"start":{"line":264,"column":21},"end":{"line":264,"column":37}},{"start":{"line":264,"column":41},"end":{"line":264,"column":64}}]},"28":{"loc":{"start":{"line":277,"column":4},"end":{"line":277,"column":17}},"type":"default-arg","locations":[{"start":{"line":277,"column":12},"end":{"line":277,"column":17}}]},"29":{"loc":{"start":{"line":280,"column":6},"end":{"line":282,"column":7}},"type":"if","locations":[{"start":{"line":280,"column":6},"end":{"line":282,"column":7}},{"start":{},"end":{}}]},"30":{"loc":{"start":{"line":285,"column":6},"end":{"line":287,"column":7}},"type":"if","locations":[{"start":{"line":285,"column":6},"end":{"line":287,"column":7}},{"start":{},"end":{}}]},"31":{"loc":{"start":{"line":290,"column":48},"end":{"line":290,"column":82}},"type":"binary-expr","locations":[{"start":{"line":290,"column":48},"end":{"line":290,"column":66}},{"start":{"line":290,"column":70},"end":{"line":290,"column":82}}]},"32":{"loc":{"start":{"line":292,"column":6},"end":{"line":294,"column":7}},"type":"if","locations":[{"start":{"line":292,"column":6},"end":{"line":294,"column":7}},{"start":{},"end":{}}]},"33":{"loc":{"start":{"line":297,"column":6},"end":{"line":302,"column":7}},"type":"if","locations":[{"start":{"line":297,"column":6},"end":{"line":302,"column":7}},{"start":{},"end":{}}]},"34":{"loc":{"start":{"line":304,"column":6},"end":{"line":309,"column":7}},"type":"if","locations":[{"start":{"line":304,"column":6},"end":{"line":309,"column":7}},{"start":{},"end":{}}]}},"s":{"0":7,"1":7,"2":7,"3":7,"4":7,"5":19,"6":19,"7":7,"8":12,"9":2,"10":10,"11":3,"12":7,"13":27,"14":27,"15":3,"16":24,"17":2,"18":22,"19":5,"20":17,"21":2,"22":15,"23":54,"24":5,"25":5,"26":5,"27":1,"28":3,"29":3,"30":5,"31":2,"32":1,"33":1,"34":1,"35":82,"36":77,"37":75,"38":35,"39":7,"40":12,"41":12,"42":1,"43":11,"44":1,"45":10,"46":10,"47":9,"48":9,"49":9,"50":9,"51":1,"52":1,"53":86,"54":4,"55":4,"56":4,"57":82,"58":6,"59":6,"60":6,"61":76,"62":7,"63":7,"64":7,"65":69,"66":69,"67":69,"68":69,"69":11,"70":11,"71":2,"72":9,"73":8,"74":1,"75":7,"76":7,"77":8,"78":7,"79":3,"80":4,"81":5,"82":4,"83":2,"84":2,"85":1,"86":1,"87":1,"88":7},"f":{"0":19,"1":27,"2":54,"3":5,"4":82,"5":77,"6":75,"7":35,"8":7,"9":12,"10":86,"11":11,"12":8,"13":5},"b":{"0":[7,12],"1":[19,16],"2":[2,10],"3":[3,7],"4":[10,5],"5":[3,24],"6":[2,22],"7":[5,17],"8":[22,15],"9":[2,15],"10":[17,7],"11":[1,3],"12":[2,3],"13":[82,12],"14":[1,11],"15":[1,10],"16":[9,6],"17":[9,7],"18":[9,8,4],"19":[4,82],"20":[86,74],"21":[6,76],"22":[82,68],"23":[7,69],"24":[76,65],"25":[69,6],"26":[69,11],"27":[69,11],"28":[9],"29":[2,9],"30":[1,7],"31":[8,4],"32":[3,4],"33":[2,2],"34":[1,1]}}
,"E:\\WorkStation\\ubuild\\src\\utils\\version.ts": {"path":"E:\\WorkStation\\ubuild\\src\\utils\\version.ts","statementMap":{"0":{"start":{"line":42,"column":0},"end":{"line":42,"column":16}},"1":{"start":{"line":95,"column":0},"end":{"line":95,"column":16}},"2":{"start":{"line":112,"column":0},"end":{"line":112,"column":16}},"3":{"start":{"line":129,"column":0},"end":{"line":129,"column":16}},"4":{"start":{"line":46,"column":17},"end":{"line":46,"column":55}},"5":{"start":{"line":47,"column":17},"end":{"line":47,"column":55}},"6":{"start":{"line":49,"column":20},"end":{"line":49,"column":58}},"7":{"start":{"line":51,"column":2},"end":{"line":62,"column":3}},"8":{"start":{"line":51,"column":15},"end":{"line":51,"column":16}},"9":{"start":{"line":56,"column":18},"end":{"line":56,"column":42}},"10":{"start":{"line":57,"column":18},"end":{"line":57,"column":42}},"11":{"start":{"line":59,"column":4},"end":{"line":61,"column":5}},"12":{"start":{"line":60,"column":6},"end":{"line":60,"column":27}},"13":{"start":{"line":64,"column":2},"end":{"line":64,"column":11}},"14":{"start":{"line":76,"column":2},"end":{"line":78,"column":3}},"15":{"start":{"line":77,"column":4},"end":{"line":77,"column":13}},"16":{"start":{"line":79,"column":2},"end":{"line":79,"column":15}},"17":{"start":{"line":96,"column":2},"end":{"line":96,"column":35}},"18":{"start":{"line":113,"column":2},"end":{"line":113,"column":35}},"19":{"start":{"line":130,"column":2},"end":{"line":130,"column":37}}},"fnMap":{"0":{"name":"compareVersions","decl":{"start":{"line":42,"column":16},"end":{"line":42,"column":31}},"loc":{"start":{"line":42,"column":52},"end":{"line":65,"column":1}}},"1":{"name":"toNumericPart","decl":{"start":{"line":75,"column":9},"end":{"line":75,"column":22}},"loc":{"start":{"line":75,"column":48},"end":{"line":80,"column":1}}},"2":{"name":"isGreaterThan","decl":{"start":{"line":95,"column":16},"end":{"line":95,"column":29}},"loc":{"start":{"line":95,"column":50},"end":{"line":97,"column":1}}},"3":{"name":"isLessThan","decl":{"start":{"line":112,"column":16},"end":{"line":112,"column":26}},"loc":{"start":{"line":112,"column":47},"end":{"line":114,"column":1}}},"4":{"name":"isEqual","decl":{"start":{"line":129,"column":16},"end":{"line":129,"column":23}},"loc":{"start":{"line":129,"column":44},"end":{"line":131,"column":1}}}},"branchMap":{"0":{"loc":{"start":{"line":59,"column":4},"end":{"line":61,"column":5}},"type":"if","locations":[{"start":{"line":59,"column":4},"end":{"line":61,"column":5}},{"start":{},"end":{}}]},"1":{"loc":{"start":{"line":76,"column":2},"end":{"line":78,"column":3}},"type":"if","locations":[{"start":{"line":76,"column":2},"end":{"line":78,"column":3}},{"start":{},"end":{}}]},"2":{"loc":{"start":{"line":76,"column":6},"end":{"line":76,"column":48}},"type":"binary-expr","locations":[{"start":{"line":76,"column":6},"end":{"line":76,"column":25}},{"start":{"line":76,"column":29},"end":{"line":76,"column":48}}]}},"s":{"0":8,"1":8,"2":8,"3":8,"4":94,"5":94,"6":94,"7":94,"8":94,"9":230,"10":230,"11":230,"12":59,"13":35,"14":460,"15":17,"16":443,"17":8,"18":7,"19":10},"f":{"0":94,"1":460,"2":8,"3":7,"4":10},"b":{"0":[59,171],"1":[17,443],"2":[460,447]}}
,"E:\\WorkStation\\ubuild\\src\\utils\\platform\\index.ts": {"path":"E:\\WorkStation\\ubuild\\src\\utils\\platform\\index.ts","statementMap":{"0":{"start":{"line":12,"column":4},"end":{"line":12,"column":40}},"1":{"start":{"line":20,"column":4},"end":{"line":20,"column":40}},"2":{"start":{"line":28,"column":4},"end":{"line":28,"column":41}},"3":{"start":{"line":36,"column":4},"end":{"line":36,"column":44}},"4":{"start":{"line":44,"column":4},"end":{"line":44,"column":46}},"5":{"start":{"line":52,"column":4},"end":{"line":52,"column":49}},"6":{"start":{"line":63,"column":4},"end":{"line":67,"column":5}},"7":{"start":{"line":64,"column":6},"end":{"line":64,"column":36}},"8":{"start":{"line":66,"column":6},"end":{"line":66,"column":35}},"9":{"start":{"line":6,"column":0},"end":{"line":6,"column":13}}},"fnMap":{"0":{"name":"(anonymous_0)","decl":{"start":{"line":11,"column":2},"end":{"line":11,"column":8}},"loc":{"start":{"line":11,"column":18},"end":{"line":13,"column":3}}},"1":{"name":"(anonymous_1)","decl":{"start":{"line":19,"column":2},"end":{"line":19,"column":8}},"loc":{"start":{"line":19,"column":16},"end":{"line":21,"column":3}}},"2":{"name":"(anonymous_2)","decl":{"start":{"line":27,"column":2},"end":{"line":27,"column":8}},"loc":{"start":{"line":27,"column":14},"end":{"line":29,"column":3}}},"3":{"name":"(anonymous_3)","decl":{"start":{"line":35,"column":2},"end":{"line":35,"column":8}},"loc":{"start":{"line":35,"column":22},"end":{"line":37,"column":3}}},"4":{"name":"(anonymous_4)","decl":{"start":{"line":43,"column":2},"end":{"line":43,"column":8}},"loc":{"start":{"line":43,"column":21},"end":{"line":45,"column":3}}},"5":{"name":"(anonymous_5)","decl":{"start":{"line":51,"column":2},"end":{"line":51,"column":8}},"loc":{"start":{"line":51,"column":21},"end":{"line":53,"column":3}}},"6":{"name":"(anonymous_6)","decl":{"start":{"line":62,"column":2},"end":{"line":62,"column":8}},"loc":{"start":{"line":62,"column":32},"end":{"line":68,"column":3}}}},"branchMap":{"0":{"loc":{"start":{"line":36,"column":11},"end":{"line":36,"column":43}},"type":"cond-expr","locations":[{"start":{"line":36,"column":34},"end":{"line":36,"column":37}},{"start":{"line":36,"column":40},"end":{"line":36,"column":43}}]},"1":{"loc":{"start":{"line":44,"column":11},"end":{"line":44,"column":45}},"type":"cond-expr","locations":[{"start":{"line":44,"column":34},"end":{"line":44,"column":40}},{"start":{"line":44,"column":43},"end":{"line":44,"column":45}}]},"2":{"loc":{"start":{"line":52,"column":11},"end":{"line":52,"column":48}},"type":"cond-expr","locations":[{"start":{"line":52,"column":34},"end":{"line":52,"column":40}},{"start":{"line":52,"column":43},"end":{"line":52,"column":48}}]},"3":{"loc":{"start":{"line":63,"column":4},"end":{"line":67,"column":5}},"type":"if","locations":[{"start":{"line":63,"column":4},"end":{"line":67,"column":5}},{"start":{"line":65,"column":11},"end":{"line":67,"column":5}}]}},"s":{"0":170,"1":4,"2":3,"3":5,"4":137,"5":6,"6":14,"7":5,"8":9,"9":11},"f":{"0":170,"1":4,"2":3,"3":5,"4":137,"5":6,"6":14},"b":{"0":[1,4],"1":[133,4],"2":[1,5],"3":[5,9]}}
}
